============================= test session starts ==============================
platform darwin -- Python 3.12.14, pytest-9.1.1, pluggy-1.6.0
rootdir: /Users/yahya/Documents/git/mlx-fc-phase15-final-parity
configfile: pytest.ini
testpaths: pamica/tests
plugins: cov-7.1.0, xdist-3.8.0
created: 8/8 workers
8 workers [1998 items]

........................................................................ [  3%]
........................................................................ [  7%]
........................................................................ [ 10%]
........................................................................ [ 14%]
........................................................................ [ 18%]
........................................................................ [ 21%]
........................................................................ [ 25%]
............sss................................................ss....... [ 28%]
sss..................................................................... [ 32%]
...............ssssss.......................ssss........................ [ 36%]
..............s......................................................... [ 39%]
....................................................................ssss [ 43%]
s....................................................................... [ 46%]
........................................................................ [ 50%]
........................................................................ [ 54%]
........................................................................ [ 57%]
........................................................................ [ 61%]
...................................sss..........................s....... [ 64%]
.....................................................................sss [ 68%]
s....................................................................... [ 72%]
.......................................sss.............................. [ 75%]
........................................................................ [ 79%]
........................................................................ [ 82%]
........................................................................ [ 86%]
........................................................................ [ 90%]
........................................ssss.s.......................... [ 93%]
........................................................................ [ 97%]
.......................................xxx............                   [100%]
=============================== warnings summary ===============================
pamica/tests/test_sample_data.py::test_loadmodout_reproduces_fortran_reported_ll
  /Users/yahya/Documents/git/mlx-fc-phase15-final-parity/.venv/lib/python3.12/site-packages/numpy/linalg/_linalg.py:2349: RuntimeWarning: divide by zero encountered in slogdet
    sign, logdet = _umath_linalg.slogdet(a, signature=signature)

pamica/tests/test_sample_data.py::test_loadmodout_reproduces_fortran_reported_ll
  /Users/yahya/Documents/git/mlx-fc-phase15-final-parity/.venv/lib/python3.12/site-packages/numpy/linalg/_linalg.py:2349: RuntimeWarning: overflow encountered in slogdet
    sign, logdet = _umath_linalg.slogdet(a, signature=signature)

pamica/tests/test_sample_data.py::test_loadmodout_reproduces_fortran_reported_ll
  /Users/yahya/Documents/git/mlx-fc-phase15-final-parity/.venv/lib/python3.12/site-packages/numpy/linalg/_linalg.py:2349: RuntimeWarning: invalid value encountered in slogdet
    sign, logdet = _umath_linalg.slogdet(a, signature=signature)

-- Docs: https://docs.pytest.org/en/stable/how-to/capture-warnings.html
===== 1955 passed, 40 skipped, 3 xfailed, 3 warnings in 1555.73s (0:25:55) =====
