[1m============================= test session starts ==============================[0m
platform darwin -- Python 3.12.14, pytest-9.1.1, pluggy-1.6.0 -- /Users/yahya/Documents/git/mlx-fc-phase15-final-parity/.venv/bin/python
cachedir: .pytest_cache
rootdir: /Users/yahya/Documents/git/mlx-fc-phase15-final-parity
configfile: pytest.ini
testpaths: pamica/tests
plugins: cov-7.1.0, xdist-3.8.0
created: 8/8 workers
8 workers [2017 items]

scheduling tests via LoadScheduling

pamica/tests/mlx_tests/test_mlx_backend.py::test_rejects_unsupported_config 
pamica/tests/mlx_tests/test_mlx_reject.py::test_state_dict_round_trip_persists_numrej_and_good_idx 
pamica/tests/mlx_tests/test_mlx_keepbest.py::test_keep_best_restored_params_match_a_truncated_refit_bit_identically 
pamica/tests/mlx_tests/test_mlx_pdf.py::test_auto_switch_noop_when_num_kurt_zero 
pamica/tests/mlx_tests/test_mlx_transform.py::test_accessors_reject_invalid_model_idx[get_mixing_matrix] 
pamica/tests/mne_tests/test_mne_backends.py::test_mlx_fit_builds_the_mlx_backend 
pamica/tests/test_backend_guards.py::test_guarded_accessors_work_on_a_healthy_fit[torch] 
pamica/tests/mne_tests/test_mne_wrapper.py::test_mir_pmi_nbins_passthrough 
[gw0][36m [  0%] [0m[32mPASSED[0m pamica/tests/mlx_tests/test_mlx_backend.py::test_rejects_unsupported_config 
pamica/tests/mlx_tests/test_mlx_backend.py::test_sufficient_stats_match_numpy_reference 
[gw0][36m [  0%] [0m[32mPASSED[0m pamica/tests/mlx_tests/test_mlx_backend.py::test_sufficient_stats_match_numpy_reference 
pamica/tests/mlx_tests/test_mlx_backend.py::test_newton_stats_match_numpy_reference 
[gw0][36m [  0%] [0m[32mPASSED[0m pamica/tests/mlx_tests/test_mlx_backend.py::test_newton_stats_match_numpy_reference 
pamica/tests/mlx_tests/test_mlx_backend.py::test_backend_stable_on_full_data 
[gw4][36m [  0%] [0m[32mPASSED[0m pamica/tests/mlx_tests/test_mlx_transform.py::test_accessors_reject_invalid_model_idx[get_mixing_matrix] 
pamica/tests/mlx_tests/test_mlx_transform.py::test_accessors_reject_invalid_model_idx[get_unmixing_matrix] 
[gw7][36m [  0%] [0m[32mPASSED[0m pamica/tests/test_backend_guards.py::test_guarded_accessors_work_on_a_healthy_fit[torch] 
pamica/tests/test_backend_guards.py::test_guarded_accessors_work_on_a_healthy_fit[mlx] 
[gw4][36m [  0%] [0m[32mPASSED[0m pamica/tests/mlx_tests/test_mlx_transform.py::test_accessors_reject_invalid_model_idx[get_unmixing_matrix] 
pamica/tests/mlx_tests/test_mlx_transform.py::test_accessors_reject_invalid_model_idx[get_sensor_mixing_matrix] 
[gw3][36m [  0%] [0m[32mPASSED[0m pamica/tests/mlx_tests/test_mlx_reject.py::test_state_dict_round_trip_persists_numrej_and_good_idx 
pamica/tests/mlx_tests/test_mlx_reject.py::test_save_load_round_trip_persists_numrej_and_good_idx 
[gw4][36m [  0%] [0m[32mPASSED[0m pamica/tests/mlx_tests/test_mlx_transform.py::test_accessors_reject_invalid_model_idx[get_sensor_mixing_matrix] 
pamica/tests/mlx_tests/test_mlx_transform.py::test_accessors_reject_invalid_model_idx[get_rho] 
[gw2][36m [  0%] [0m[32mPASSED[0m pamica/tests/mlx_tests/test_mlx_pdf.py::test_auto_switch_noop_when_num_kurt_zero 
pamica/tests/mlx_tests/test_mlx_pdf.py::test_pdtype_from_kurtosis_decision 
[gw2][36m [  0%] [0m[32mPASSED[0m pamica/tests/mlx_tests/test_mlx_pdf.py::test_pdtype_from_kurtosis_decision 
pamica/tests/mlx_tests/test_mlx_pdf.py::test_family_fit_with_newton[2-3] 
[gw5][36m [  0%] [0m[32mPASSED[0m pamica/tests/mne_tests/test_mne_backends.py::test_mlx_fit_builds_the_mlx_backend 
pamica/tests/mne_tests/test_mne_backends.py::test_get_sources_matches_the_mlx_transform[mlx_keep] 
[gw5][36m [  0%] [0m[32mPASSED[0m pamica/tests/mne_tests/test_mne_backends.py::test_get_sources_matches_the_mlx_transform[mlx_keep] 
pamica/tests/mne_tests/test_mne_backends.py::test_get_sources_matches_the_mlx_transform[mlx_full] 
[gw7][36m [  0%] [0m[32mPASSED[0m pamica/tests/test_backend_guards.py::test_guarded_accessors_work_on_a_healthy_fit[mlx] 
pamica/tests/test_backend_guards.py::test_guarded_accessors_work_on_a_healthy_fit[numpy] 
[gw4][36m [  0%] [0m[32mPASSED[0m pamica/tests/mlx_tests/test_mlx_transform.py::test_accessors_reject_invalid_model_idx[get_rho] 
pamica/tests/mlx_tests/test_mlx_transform.py::test_accessors_reject_invalid_model_idx[variance_order] 
[gw3][36m [  0%] [0m[32mPASSED[0m pamica/tests/mlx_tests/test_mlx_reject.py::test_save_load_round_trip_persists_numrej_and_good_idx 
pamica/tests/mlx_tests/test_mlx_reject.py::test_phase2_era_payload_loads_with_no_rejection_state 
[gw7][36m [  0%] [0m[32mPASSED[0m pamica/tests/test_backend_guards.py::test_guarded_accessors_work_on_a_healthy_fit[numpy] 
pamica/tests/test_backend_guards.py::test_guarded_accessors_refuse_degenerate_stop_reason[torch] 
[gw3][36m [  0%] [0m[32mPASSED[0m pamica/tests/mlx_tests/test_mlx_reject.py::test_phase2_era_payload_loads_with_no_rejection_state 
pamica/tests/mlx_tests/test_mlx_reject.py::test_missing_core_extra_key_still_raises 
[gw7][36m [  0%] [0m[32mPASSED[0m pamica/tests/test_backend_guards.py::test_guarded_accessors_refuse_degenerate_stop_reason[torch] 
pamica/tests/test_backend_guards.py::test_guarded_accessors_refuse_degenerate_stop_reason[mlx] 
[gw4][36m [  0%] [0m[32mPASSED[0m pamica/tests/mlx_tests/test_mlx_transform.py::test_accessors_reject_invalid_model_idx[variance_order] 
pamica/tests/mlx_tests/test_mlx_transform.py::test_transform_rejects_non_int_model_idx 
[gw3][36m [  0%] [0m[32mPASSED[0m pamica/tests/mlx_tests/test_mlx_reject.py::test_missing_core_extra_key_still_raises 
pamica/tests/mlx_tests/test_mlx_reject.py::test_malformed_numrej_raises_named_error 
[gw7][36m [  1%] [0m[32mPASSED[0m pamica/tests/test_backend_guards.py::test_guarded_accessors_refuse_degenerate_stop_reason[mlx] 
pamica/tests/test_backend_guards.py::test_guarded_accessors_refuse_degenerate_stop_reason[numpy] 
[gw4][36m [  1%] [0m[32mPASSED[0m pamica/tests/mlx_tests/test_mlx_transform.py::test_transform_rejects_non_int_model_idx 
pamica/tests/mlx_tests/test_mlx_transform.py::test_transform_output_shape_and_dtype 
[gw7][36m [  1%] [0m[32mPASSED[0m pamica/tests/test_backend_guards.py::test_guarded_accessors_refuse_degenerate_stop_reason[numpy] 
pamica/tests/test_backend_guards.py::test_guarded_accessors_refuse_nonfinite_param[torch] 
[gw7][36m [  1%] [0m[32mPASSED[0m pamica/tests/test_backend_guards.py::test_guarded_accessors_refuse_nonfinite_param[torch] 
pamica/tests/test_backend_guards.py::test_guarded_accessors_refuse_nonfinite_param[mlx] 
[gw4][36m [  1%] [0m[32mPASSED[0m pamica/tests/mlx_tests/test_mlx_transform.py::test_transform_output_shape_and_dtype 
pamica/tests/mlx_tests/test_mlx_transform.py::test_accessor_shapes 
[gw5][36m [  1%] [0m[32mPASSED[0m pamica/tests/mne_tests/test_mne_backends.py::test_get_sources_matches_the_mlx_transform[mlx_full] 
pamica/tests/mne_tests/test_mne_backends.py::test_apply_reproduces_the_input[mlx_keep] 
[gw3][36m [  1%] [0m[32mPASSED[0m pamica/tests/mlx_tests/test_mlx_reject.py::test_malformed_numrej_raises_named_error 
pamica/tests/mlx_tests/test_mlx_reject.py::test_malformed_good_idx_raises_named_error 
[gw5][36m [  1%] [0m[32mPASSED[0m pamica/tests/mne_tests/test_mne_backends.py::test_apply_reproduces_the_input[mlx_keep] 
pamica/tests/mne_tests/test_mne_backends.py::test_apply_reproduces_the_input[mlx_full] 
[gw5][36m [  1%] [0m[32mPASSED[0m pamica/tests/mne_tests/test_mne_backends.py::test_apply_reproduces_the_input[mlx_full] 
pamica/tests/mne_tests/test_mne_backends.py::test_exclude_removes_only_that_component 
[gw7][36m [  1%] [0m[32mPASSED[0m pamica/tests/test_backend_guards.py::test_guarded_accessors_refuse_nonfinite_param[mlx] 
pamica/tests/test_backend_guards.py::test_guarded_accessors_refuse_nonfinite_param[numpy] 
[gw5][36m [  1%] [0m[32mPASSED[0m pamica/tests/mne_tests/test_mne_backends.py::test_exclude_removes_only_that_component 
pamica/tests/mne_tests/test_mne_backends.py::test_saved_ica_applies_identically 
[gw5][36m [  1%] [0m[32mPASSED[0m pamica/tests/mne_tests/test_mne_backends.py::test_saved_ica_applies_identically 
pamica/tests/mne_tests/test_mne_backends.py::test_mlx_and_torch_export_the_same_basis 
[gw7][36m [  1%] [0m[32mPASSED[0m pamica/tests/test_backend_guards.py::test_guarded_accessors_refuse_nonfinite_param[numpy] 
pamica/tests/test_backend_guards.py::test_data_accessors_reject_1d_and_wrong_channel_count[torch] 
[gw4][36m [  1%] [0m[32mPASSED[0m pamica/tests/mlx_tests/test_mlx_transform.py::test_accessor_shapes 
pamica/tests/mlx_tests/test_mlx_transform.py::test_variance_order_is_a_permutation_with_matching_svar 
[gw2][36m [  1%] [0m[32mPASSED[0m pamica/tests/mlx_tests/test_mlx_pdf.py::test_family_fit_with_newton[2-3] 
pamica/tests/mlx_tests/test_mlx_pdf.py::test_family_fit_with_newton[3-3] 
[gw3][36m [  1%] [0m[32mPASSED[0m pamica/tests/mlx_tests/test_mlx_reject.py::test_malformed_good_idx_raises_named_error 
pamica/tests/mlx_tests/test_mlx_reject.py::test_reject_outliers_nonfinite_ll_raises_instability_error 
[gw7][36m [  1%] [0m[32mPASSED[0m pamica/tests/test_backend_guards.py::test_data_accessors_reject_1d_and_wrong_channel_count[torch] 
pamica/tests/test_backend_guards.py::test_data_accessors_reject_1d_and_wrong_channel_count[mlx] 
[gw3][36m [  1%] [0m[32mPASSED[0m pamica/tests/mlx_tests/test_mlx_reject.py::test_reject_outliers_nonfinite_ll_raises_instability_error 
pamica/tests/mlx_tests/test_mlx_reject.py::test_reject_outliers_all_finite_never_drops_everything 
[gw3][36m [  1%] [0m[32mPASSED[0m pamica/tests/mlx_tests/test_mlx_reject.py::test_reject_outliers_all_finite_never_drops_everything 
pamica/tests/mlx_tests/test_mlx_reject.py::test_reject_outliers_zeroes_the_llt_stash_for_dropped_samples 
[gw3][36m [  1%] [0m[32mPASSED[0m pamica/tests/mlx_tests/test_mlx_reject.py::test_reject_outliers_zeroes_the_llt_stash_for_dropped_samples 
pamica/tests/mlx_tests/test_mlx_restarts.py::test_single_restart_is_bit_identical_to_a_direct_fit 
[gw1][36m [  2%] [0m[32mPASSED[0m pamica/tests/mlx_tests/test_mlx_keepbest.py::test_keep_best_restored_params_match_a_truncated_refit_bit_identically 
pamica/tests/mlx_tests/test_mlx_keepbest.py::test_pdftype1_forced_restore_rolls_back_n_kurt_done_with_pdtype 
[gw7][36m [  2%] [0m[32mPASSED[0m pamica/tests/test_backend_guards.py::test_data_accessors_reject_1d_and_wrong_channel_count[mlx] 
pamica/tests/test_backend_guards.py::test_data_accessors_reject_1d_and_wrong_channel_count[numpy] 
[gw5][36m [  2%] [0m[32mPASSED[0m pamica/tests/mne_tests/test_mne_backends.py::test_mlx_and_torch_export_the_same_basis 
pamica/tests/mne_tests/test_mne_backends.py::test_degenerate_fit_builds_no_basis_and_refuses_export[torch] 
[gw4][36m [  2%] [0m[32mPASSED[0m pamica/tests/mlx_tests/test_mlx_transform.py::test_variance_order_is_a_permutation_with_matching_svar 
pamica/tests/mlx_tests/test_mlx_transform.py::test_get_mixing_and_unmixing_are_inverses 
[gw5][36m [  2%] [0m[32mPASSED[0m pamica/tests/mne_tests/test_mne_backends.py::test_degenerate_fit_builds_no_basis_and_refuses_export[torch] 
pamica/tests/mne_tests/test_mne_backends.py::test_degenerate_fit_builds_no_basis_and_refuses_export[mlx] 
[gw3][36m [  2%] [0m[32mPASSED[0m pamica/tests/mlx_tests/test_mlx_restarts.py::test_single_restart_is_bit_identical_to_a_direct_fit 
pamica/tests/mlx_tests/test_mlx_restarts.py::test_single_restart_records_the_one_fit_it_ran 
[gw7][36m [  2%] [0m[32mPASSED[0m pamica/tests/test_backend_guards.py::test_data_accessors_reject_1d_and_wrong_channel_count[numpy] 
pamica/tests/test_backend_guards.py::test_channel_count_follows_n_channels_in_after_pca[torch] 
[gw5][36m [  2%] [0m[32mPASSED[0m pamica/tests/mne_tests/test_mne_backends.py::test_degenerate_fit_builds_no_basis_and_refuses_export[mlx] 
pamica/tests/mne_tests/test_mne_backends.py::test_n_iter_counts_the_e_steps_that_ran[torch-max_iter] 
[gw4][36m [  2%] [0m[32mPASSED[0m pamica/tests/mlx_tests/test_mlx_transform.py::test_get_mixing_and_unmixing_are_inverses 
pamica/tests/mlx_tests/test_mlx_transform.py::test_n_channels_in_full_rank_equals_n_channels 
[gw3][36m [  2%] [0m[32mPASSED[0m pamica/tests/mlx_tests/test_mlx_restarts.py::test_single_restart_records_the_one_fit_it_ran 
pamica/tests/mlx_tests/test_mlx_restarts.py::test_an_explicit_single_seed_overrides_the_constructor_seed 
[gw7][36m [  2%] [0m[32mPASSED[0m pamica/tests/test_backend_guards.py::test_channel_count_follows_n_channels_in_after_pca[torch] 
pamica/tests/test_backend_guards.py::test_channel_count_follows_n_channels_in_after_pca[mlx] 
[gw4][36m [  2%] [0m[32mPASSED[0m pamica/tests/mlx_tests/test_mlx_transform.py::test_n_channels_in_full_rank_equals_n_channels 
pamica/tests/mlx_tests/test_mlx_transform.py::test_n_channels_in_reports_original_width_on_rank_reduced_fit 
[gw3][36m [  2%] [0m[32mPASSED[0m pamica/tests/mlx_tests/test_mlx_restarts.py::test_an_explicit_single_seed_overrides_the_constructor_seed 
pamica/tests/mlx_tests/test_mlx_restarts.py::test_best_of_n_returns_the_argmax_of_the_independent_fits 
[gw7][36m [  2%] [0m[32mPASSED[0m pamica/tests/test_backend_guards.py::test_channel_count_follows_n_channels_in_after_pca[mlx] 
pamica/tests/test_backend_guards.py::test_channel_count_follows_n_channels_in_after_pca[numpy] 
[gw4][36m [  2%] [0m[32mPASSED[0m pamica/tests/mlx_tests/test_mlx_transform.py::test_n_channels_in_reports_original_width_on_rank_reduced_fit 
pamica/tests/mlx_tests/test_mlx_transform.py::test_transform_matches_forward_activations_on_training_data 
[gw7][36m [  2%] [0m[32mPASSED[0m pamica/tests/test_backend_guards.py::test_channel_count_follows_n_channels_in_after_pca[numpy] 
pamica/tests/test_backend_guards.py::test_torch_from_state_dict_unexpected_key_raises_value_error 
[gw7][36m [  2%] [0m[32mPASSED[0m pamica/tests/test_backend_guards.py::test_torch_from_state_dict_unexpected_key_raises_value_error 
pamica/tests/test_backend_guards.py::test_torch_from_state_dict_missing_key_raises_value_error 
[gw2][36m [  2%] [0m[32mPASSED[0m pamica/tests/mlx_tests/test_mlx_pdf.py::test_family_fit_with_newton[3-3] 
pamica/tests/mlx_tests/test_mlx_pdf.py::test_family_fit_with_newton[4-1] 
[gw4][36m [  2%] [0m[32mPASSED[0m pamica/tests/mlx_tests/test_mlx_transform.py::test_transform_matches_forward_activations_on_training_data 
pamica/tests/mlx_tests/test_mlx_transform.py::test_transform_multimodel_routes_by_model_idx 
[gw7][36m [  2%] [0m[32mPASSED[0m pamica/tests/test_backend_guards.py::test_torch_from_state_dict_missing_key_raises_value_error 
pamica/tests/test_backend_guards.py::test_mlx_from_state_dict_unexpected_key_raises_value_error 
[gw7][36m [  3%] [0m[32mPASSED[0m pamica/tests/test_backend_guards.py::test_mlx_from_state_dict_unexpected_key_raises_value_error 
pamica/tests/test_backend_guards.py::test_mlx_from_state_dict_missing_key_raises_value_error 
[gw4][36m [  3%] [0m[32mPASSED[0m pamica/tests/mlx_tests/test_mlx_transform.py::test_transform_multimodel_routes_by_model_idx 
pamica/tests/mlx_tests/test_mlx_transform.py::test_get_rho_raises_on_force_set_nan_rho 
[gw7][36m [  3%] [0m[32mPASSED[0m pamica/tests/test_backend_guards.py::test_mlx_from_state_dict_missing_key_raises_value_error 
pamica/tests/test_blocktune.py::test_validate_rejects_unusable_sweeps[0-1024-128-blk_min must be >= 1] 
[gw7][36m [  3%] [0m[32mPASSED[0m pamica/tests/test_blocktune.py::test_validate_rejects_unusable_sweeps[0-1024-128-blk_min must be >= 1] 
pamica/tests/test_blocktune.py::test_validate_rejects_unusable_sweeps[-4096-1024-128-blk_min must be >= 1] 
[gw7][36m [  3%] [0m[32mPASSED[0m pamica/tests/test_blocktune.py::test_validate_rejects_unusable_sweeps[-4096-1024-128-blk_min must be >= 1] 
pamica/tests/test_blocktune.py::test_validate_rejects_unusable_sweeps[128-1024-0-blk_step must be >= 1] 
[gw7][36m [  3%] [0m[32mPASSED[0m pamica/tests/test_blocktune.py::test_validate_rejects_unusable_sweeps[128-1024-0-blk_step must be >= 1] 
pamica/tests/test_blocktune.py::test_validate_rejects_unusable_sweeps[128-1024--8-blk_step must be >= 1] 
[gw7][36m [  3%] [0m[32mPASSED[0m pamica/tests/test_blocktune.py::test_validate_rejects_unusable_sweeps[128-1024--8-blk_step must be >= 1] 
pamica/tests/test_blocktune.py::test_validate_rejects_unusable_sweeps[2048-1024-128-blk_max must be >= blk_min] 
[gw7][36m [  3%] [0m[32mPASSED[0m pamica/tests/test_blocktune.py::test_validate_rejects_unusable_sweeps[2048-1024-128-blk_max must be >= blk_min] 
pamica/tests/test_blocktune.py::test_validate_accepts_fortran_and_pamica_defaults 
[gw7][36m [  3%] [0m[32mPASSED[0m pamica/tests/test_blocktune.py::test_validate_accepts_fortran_and_pamica_defaults 
pamica/tests/test_blocktune.py::test_candidates_use_fortran_arithmetic_stepping 
[gw7][36m [  3%] [0m[32mPASSED[0m pamica/tests/test_blocktune.py::test_candidates_use_fortran_arithmetic_stepping 
pamica/tests/test_blocktune.py::test_default_sweep_brackets_the_measured_optimum 
[gw7][36m [  3%] [0m[32mPASSED[0m pamica/tests/test_blocktune.py::test_default_sweep_brackets_the_measured_optimum 
pamica/tests/test_blocktune.py::test_candidates_are_clamped_to_n_samples 
[gw7][36m [  3%] [0m[32mPASSED[0m pamica/tests/test_blocktune.py::test_candidates_are_clamped_to_n_samples 
pamica/tests/test_blocktune.py::test_candidates_clamped_when_floor_exceeds_data 
[gw7][36m [  3%] [0m[32mPASSED[0m pamica/tests/test_blocktune.py::test_candidates_clamped_when_floor_exceeds_data 
pamica/tests/test_blocktune.py::test_candidates_are_capped_by_the_memory_estimate 
[gw7][36m [  3%] [0m[32mPASSED[0m pamica/tests/test_blocktune.py::test_candidates_are_capped_by_the_memory_estimate 
pamica/tests/test_blocktune.py::test_candidates_reject_empty_data 
[gw7][36m [  3%] [0m[32mPASSED[0m pamica/tests/test_blocktune.py::test_candidates_reject_empty_data 
pamica/tests/test_blocktune.py::test_memory_cap_shrinks_as_channels_and_models_rise 
[gw7][36m [  3%] [0m[32mPASSED[0m pamica/tests/test_blocktune.py::test_memory_cap_shrinks_as_channels_and_models_rise 
pamica/tests/test_blocktune.py::test_memory_cap_is_none_when_memory_is_unknown 
[gw7][36m [  3%] [0m[32mPASSED[0m pamica/tests/test_blocktune.py::test_memory_cap_is_none_when_memory_is_unknown 
pamica/tests/test_blocktune.py::test_host_memory_is_positive_or_unavailable 
[gw7][36m [  3%] [0m[32mPASSED[0m pamica/tests/test_blocktune.py::test_host_memory_is_positive_or_unavailable 
pamica/tests/test_blocktune.py::test_recognizes_every_backend_allocation_failure[exc0] 
[gw7][36m [  3%] [0m[32mPASSED[0m pamica/tests/test_blocktune.py::test_recognizes_every_backend_allocation_failure[exc0] 
pamica/tests/test_blocktune.py::test_recognizes_every_backend_allocation_failure[exc1] 
[gw7][36m [  3%] [0m[32mPASSED[0m pamica/tests/test_blocktune.py::test_recognizes_every_backend_allocation_failure[exc1] 
pamica/tests/test_blocktune.py::test_recognizes_every_backend_allocation_failure[exc2] 
[gw7][36m [  4%] [0m[32mPASSED[0m pamica/tests/test_blocktune.py::test_recognizes_every_backend_allocation_failure[exc2] 
pamica/tests/test_blocktune.py::test_recognizes_every_backend_allocation_failure[exc3] 
[gw7][36m [  4%] [0m[32mPASSED[0m pamica/tests/test_blocktune.py::test_recognizes_every_backend_allocation_failure[exc3] 
pamica/tests/test_blocktune.py::test_recognizes_every_backend_allocation_failure[exc4] 
[gw7][36m [  4%] [0m[32mPASSED[0m pamica/tests/test_blocktune.py::test_recognizes_every_backend_allocation_failure[exc4] 
pamica/tests/test_blocktune.py::test_recognizes_every_backend_allocation_failure[exc5] 
[gw7][36m [  4%] [0m[32mPASSED[0m pamica/tests/test_blocktune.py::test_recognizes_every_backend_allocation_failure[exc5] 
pamica/tests/test_blocktune.py::test_recognizes_every_backend_allocation_failure[exc6] 
[gw7][36m [  4%] [0m[32mPASSED[0m pamica/tests/test_blocktune.py::test_recognizes_every_backend_allocation_failure[exc6] 
pamica/tests/test_blocktune.py::test_does_not_mistake_a_real_bug_for_memory_pressure[exc0] 
[gw7][36m [  4%] [0m[32mPASSED[0m pamica/tests/test_blocktune.py::test_does_not_mistake_a_real_bug_for_memory_pressure[exc0] 
pamica/tests/test_blocktune.py::test_does_not_mistake_a_real_bug_for_memory_pressure[exc1] 
[gw7][36m [  4%] [0m[32mPASSED[0m pamica/tests/test_blocktune.py::test_does_not_mistake_a_real_bug_for_memory_pressure[exc1] 
pamica/tests/test_blocktune.py::test_does_not_mistake_a_real_bug_for_memory_pressure[exc2] 
[gw7][36m [  4%] [0m[32mPASSED[0m pamica/tests/test_blocktune.py::test_does_not_mistake_a_real_bug_for_memory_pressure[exc2] 
pamica/tests/test_blocktune.py::test_does_not_mistake_a_real_bug_for_memory_pressure[exc3] 
[gw7][36m [  4%] [0m[32mPASSED[0m pamica/tests/test_blocktune.py::test_does_not_mistake_a_real_bug_for_memory_pressure[exc3] 
pamica/tests/test_blocktune.py::test_does_not_mistake_a_real_bug_for_memory_pressure[exc4] 
[gw7][36m [  4%] [0m[32mPASSED[0m pamica/tests/test_blocktune.py::test_does_not_mistake_a_real_bug_for_memory_pressure[exc4] 
pamica/tests/test_blocktune.py::test_does_not_mistake_a_real_bug_for_memory_pressure[exc5] 
[gw7][36m [  4%] [0m[32mPASSED[0m pamica/tests/test_blocktune.py::test_does_not_mistake_a_real_bug_for_memory_pressure[exc5] 
pamica/tests/test_blocktune.py::test_does_not_mistake_a_real_bug_for_memory_pressure[exc6] 
[gw7][36m [  4%] [0m[32mPASSED[0m pamica/tests/test_blocktune.py::test_does_not_mistake_a_real_bug_for_memory_pressure[exc6] 
pamica/tests/test_blocktune.py::test_picks_the_fastest_candidate 
[gw7][36m [  4%] [0m[32mPASSED[0m pamica/tests/test_blocktune.py::test_picks_the_fastest_candidate 
pamica/tests/test_blocktune.py::test_logs_the_choice_and_every_timing_at_info 
[gw7][36m [  4%] [0m[32mPASSED[0m pamica/tests/test_blocktune.py::test_logs_the_choice_and_every_timing_at_info 
pamica/tests/test_blocktune.py::test_scores_each_candidate_on_its_fastest_pass 
[gw7][36m [  4%] [0m[32mPASSED[0m pamica/tests/test_blocktune.py::test_scores_each_candidate_on_its_fastest_pass 
pamica/tests/test_blocktune.py::test_repeats_must_be_at_least_one 
[gw7][36m [  4%] [0m[32mPASSED[0m pamica/tests/test_blocktune.py::test_repeats_must_be_at_least_one 
pamica/tests/test_blocktune.py::test_falls_back_to_last_working_size_on_allocation_failure 
[gw7][36m [  4%] [0m[32mPASSED[0m pamica/tests/test_blocktune.py::test_falls_back_to_last_working_size_on_allocation_failure 
pamica/tests/test_blocktune.py::test_does_not_try_larger_candidates_after_a_failure 
[gw7][36m [  4%] [0m[32mPASSED[0m pamica/tests/test_blocktune.py::test_does_not_try_larger_candidates_after_a_failure 
pamica/tests/test_blocktune.py::test_keeps_the_static_default_when_nothing_can_be_timed 
[gw7][36m [  4%] [0m[32mPASSED[0m pamica/tests/test_blocktune.py::test_keeps_the_static_default_when_nothing_can_be_timed 
pamica/tests/test_blocktune.py::test_first_candidate_failure_does_not_claim_a_size_ran 
[gw7][36m [  4%] [0m[32mPASSED[0m pamica/tests/test_blocktune.py::test_first_candidate_failure_does_not_claim_a_size_ran 
pamica/tests/test_blocktune.py::test_a_non_allocation_error_propagates 
[gw7][36m [  5%] [0m[32mPASSED[0m pamica/tests/test_blocktune.py::test_a_non_allocation_error_propagates 
pamica/tests/test_blocktune.py::test_a_non_allocation_error_stops_on_the_very_first_pass 
[gw7][36m [  5%] [0m[32mPASSED[0m pamica/tests/test_blocktune.py::test_a_non_allocation_error_stops_on_the_very_first_pass 
pamica/tests/test_blocktune.py::test_empty_candidate_list_is_a_programming_error 
[gw7][36m [  5%] [0m[32mPASSED[0m pamica/tests/test_blocktune.py::test_empty_candidate_list_is_a_programming_error 
pamica/tests/test_blocktune.py::test_search_composes_the_cap_and_the_sweep 
[gw7][36m [  5%] [0m[32mPASSED[0m pamica/tests/test_blocktune.py::test_search_composes_the_cap_and_the_sweep 
pamica/tests/test_blocktune.py::test_every_backend_resolves_the_same_tuner_defaults[torch] 
[gw7][36m [  5%] [0m[32mPASSED[0m pamica/tests/test_blocktune.py::test_every_backend_resolves_the_same_tuner_defaults[torch] 
pamica/tests/test_blocktune.py::test_every_backend_resolves_the_same_tuner_defaults[numpy] 
[gw7][36m [  5%] [0m[32mPASSED[0m pamica/tests/test_blocktune.py::test_every_backend_resolves_the_same_tuner_defaults[numpy] 
pamica/tests/test_blocktune.py::test_every_backend_resolves_the_same_tuner_defaults[mlx] 
[gw7][36m [  5%] [0m[32mPASSED[0m pamica/tests/test_blocktune.py::test_every_backend_resolves_the_same_tuner_defaults[mlx] 
pamica/tests/test_channel_selection.py::test_read_electrode_positions 
[gw7][36m [  5%] [0m[32mPASSED[0m pamica/tests/test_channel_selection.py::test_read_electrode_positions 
pamica/tests/test_channel_selection.py::test_positions_for_channels_alignment 
[gw7][36m [  5%] [0m[32mPASSED[0m pamica/tests/test_channel_selection.py::test_positions_for_channels_alignment 
pamica/tests/test_channel_selection.py::test_selection_deterministic_unique_sorted 
[gw7][36m [  5%] [0m[32mPASSED[0m pamica/tests/test_channel_selection.py::test_selection_deterministic_unique_sorted 
pamica/tests/test_channel_selection.py::test_distributed_more_spread_than_first_n 
[gw4][36m [  5%] [0m[32mPASSED[0m pamica/tests/mlx_tests/test_mlx_transform.py::test_get_rho_raises_on_force_set_nan_rho 
pamica/tests/mlx_tests/test_mlx_transform.py::test_fit_path_is_unchanged_by_phase1 
[gw7][36m [  5%] [0m[32mPASSED[0m pamica/tests/test_channel_selection.py::test_distributed_more_spread_than_first_n 
pamica/tests/test_channel_selection.py::test_n_ge_localized_returns_all_localized 
[gw7][36m [  5%] [0m[32mPASSED[0m pamica/tests/test_channel_selection.py::test_n_ge_localized_returns_all_localized 
pamica/tests/test_channel_selection.py::test_unlocalized_rows_excluded 
[gw7][36m [  5%] [0m[32mPASSED[0m pamica/tests/test_channel_selection.py::test_unlocalized_rows_excluded 
pamica/tests/test_channel_selection.py::test_n_zero_returns_empty 
[gw7][36m [  5%] [0m[32mPASSED[0m pamica/tests/test_channel_selection.py::test_n_zero_returns_empty 
pamica/tests/test_channel_selection.py::test_seed_is_centroid_nearest 
[gw7][36m [  5%] [0m[32mPASSED[0m pamica/tests/test_channel_selection.py::test_seed_is_centroid_nearest 
pamica/tests/test_channel_selection.py::test_coincident_coordinates_stay_unique 
[gw7][36m [  5%] [0m[32mPASSED[0m pamica/tests/test_channel_selection.py::test_coincident_coordinates_stay_unique 
pamica/tests/test_component_layout.py::test_an_unmerged_payload_converts_block_for_block 
[gw7][36m [  5%] [0m[32mPASSED[0m pamica/tests/test_component_layout.py::test_an_unmerged_payload_converts_block_for_block 
pamica/tests/test_component_layout.py::test_a_one_dimensional_comp_list_is_refused 
[gw7][36m [  5%] [0m[32mPASSED[0m pamica/tests/test_component_layout.py::test_a_one_dimensional_comp_list_is_refused 
pamica/tests/test_component_layout.py::test_a_non_integer_comp_list_is_refused[float-ids] 
[gw7][36m [  5%] [0m[32mPASSED[0m pamica/tests/test_component_layout.py::test_a_non_integer_comp_list_is_refused[float-ids] 
pamica/tests/test_component_layout.py::test_a_non_integer_comp_list_is_refused[nan-id] 
[gw7][36m [  5%] [0m[32mPASSED[0m pamica/tests/test_component_layout.py::test_a_non_integer_comp_list_is_refused[nan-id] 
pamica/tests/test_component_layout.py::test_a_mismatched_A_shape_is_refused[transposed] 
[gw7][36m [  6%] [0m[32mPASSED[0m pamica/tests/test_component_layout.py::test_a_mismatched_A_shape_is_refused[transposed] 
pamica/tests/test_component_layout.py::test_a_mismatched_A_shape_is_refused[one-column-short] 
[gw7][36m [  6%] [0m[32mPASSED[0m pamica/tests/test_component_layout.py::test_a_mismatched_A_shape_is_refused[one-column-short] 
pamica/tests/test_component_layout.py::test_a_mismatched_A_shape_is_refused[three-dimensional] 
[gw7][36m [  6%] [0m[32mPASSED[0m pamica/tests/test_component_layout.py::test_a_mismatched_A_shape_is_refused[three-dimensional] 
pamica/tests/test_component_layout.py::test_an_out_of_range_id_is_refused[negative] 
[gw7][36m [  6%] [0m[32mPASSED[0m pamica/tests/test_component_layout.py::test_an_out_of_range_id_is_refused[negative] 
pamica/tests/test_component_layout.py::test_an_out_of_range_id_is_refused[past-the-end] 
[gw7][36m [  6%] [0m[32mPASSED[0m pamica/tests/test_component_layout.py::test_an_out_of_range_id_is_refused[past-the-end] 
pamica/tests/test_component_layout.py::test_an_id_repeated_within_a_model_is_refused 
[gw7][36m [  6%] [0m[32mPASSED[0m pamica/tests/test_component_layout.py::test_an_id_repeated_within_a_model_is_refused 
pamica/tests/test_component_layout.py::test_an_id_shared_across_models_asks_for_a_refit 
[gw7][36m [  6%] [0m[32mPASSED[0m pamica/tests/test_component_layout.py::test_an_id_shared_across_models_asks_for_a_refit 
pamica/tests/test_component_rows.py::test_numpy_rejects_other_pdftypes 
[gw7][36m [  6%] [0m[32mPASSED[0m pamica/tests/test_component_rows.py::test_numpy_rejects_other_pdftypes 
pamica/tests/test_component_rows.py::test_unshared_fits_are_byte_identical_to_the_column_layout[torch-m1-scale-ng-pdf0] 
[gw3][36m [  6%] [0m[32mPASSED[0m pamica/tests/mlx_tests/test_mlx_restarts.py::test_best_of_n_returns_the_argmax_of_the_independent_fits 
pamica/tests/mlx_tests/test_mlx_restarts.py::test_records_are_aligned_with_the_independent_fits 
[gw4][36m [  6%] [0m[32mPASSED[0m pamica/tests/mlx_tests/test_mlx_transform.py::test_fit_path_is_unchanged_by_phase1 
[gw2][36m [  6%] [0m[32mPASSED[0m pamica/tests/mlx_tests/test_mlx_pdf.py::test_family_fit_with_newton[4-1] 
pamica/tests/mne_tests/test_annotation_rank_reduction.py::test_pcakeep_applies_with_annotation_rejection 
pamica/tests/mlx_tests/test_mlx_pdf.py::test_logcosh_stability[88.0] 
[gw2][36m [  6%] [0m[32mPASSED[0m pamica/tests/mlx_tests/test_mlx_pdf.py::test_logcosh_stability[88.0] 
pamica/tests/mlx_tests/test_mlx_pdf.py::test_logcosh_stability[90.0] 
[gw2][36m [  6%] [0m[32mPASSED[0m pamica/tests/mlx_tests/test_mlx_pdf.py::test_logcosh_stability[90.0] 
pamica/tests/mlx_tests/test_mlx_pdf.py::test_logcosh_stability[500.0] 
[gw2][36m [  6%] [0m[32mPASSED[0m pamica/tests/mlx_tests/test_mlx_pdf.py::test_logcosh_stability[500.0] 
pamica/tests/mlx_tests/test_mlx_pdf.py::test_logcosh_stability[1000.0] 
[gw2][36m [  6%] [0m[32mPASSED[0m pamica/tests/mlx_tests/test_mlx_pdf.py::test_logcosh_stability[1000.0] 
pamica/tests/mlx_tests/test_mlx_pdf.py::test_sharing_with_adaptive_switcher_smoke 
[gw3][36m [  6%] [0m[32mPASSED[0m pamica/tests/mlx_tests/test_mlx_restarts.py::test_records_are_aligned_with_the_independent_fits 
pamica/tests/mlx_tests/test_mlx_restarts.py::test_derived_seeds_run_the_documented_sequence 
[gw3][36m [  6%] [0m[32mPASSED[0m pamica/tests/mlx_tests/test_mlx_restarts.py::test_derived_seeds_run_the_documented_sequence 
pamica/tests/mlx_tests/test_mlx_restarts.py::test_a_refit_repeats_the_same_search 
[gw5][36m [  6%] [0m[32mPASSED[0m pamica/tests/mne_tests/test_mne_backends.py::test_n_iter_counts_the_e_steps_that_ran[torch-max_iter] 
pamica/tests/mne_tests/test_mne_backends.py::test_n_iter_counts_the_e_steps_that_ran[torch-min_dll] 
[gw7][36m [  6%] [0m[32mPASSED[0m pamica/tests/test_component_rows.py::test_unshared_fits_are_byte_identical_to_the_column_layout[torch-m1-scale-ng-pdf0] 
pamica/tests/test_component_rows.py::test_unshared_fits_are_byte_identical_to_the_column_layout[numpy-m1-scale-ng-pdf0] 
[gw3][36m [  6%] [0m[32mPASSED[0m pamica/tests/mlx_tests/test_mlx_restarts.py::test_a_refit_repeats_the_same_search 
pamica/tests/mlx_tests/test_mlx_restarts.py::test_a_degenerate_restart_is_recorded_but_never_selected 
[gw1][36m [  7%] [0m[32mPASSED[0m pamica/tests/mlx_tests/test_mlx_keepbest.py::test_pdftype1_forced_restore_rolls_back_n_kurt_done_with_pdtype 
pamica/tests/mlx_tests/test_mlx_keepbest.py::test_keep_best_inactive_under_share_comps_logs_and_never_restores 
[gw3][36m [  7%] [0m[32mPASSED[0m pamica/tests/mlx_tests/test_mlx_restarts.py::test_a_degenerate_restart_is_recorded_but_never_selected 
pamica/tests/mlx_tests/test_mlx_restarts.py::test_all_degenerate_restarts_keep_the_last_one 
[gw3][36m [  7%] [0m[32mPASSED[0m pamica/tests/mlx_tests/test_mlx_restarts.py::test_all_degenerate_restarts_keep_the_last_one 
pamica/tests/mlx_tests/test_mlx_restarts.py::test_a_crashing_restart_does_not_kill_the_search 
[gw3][36m [  7%] [0m[32mPASSED[0m pamica/tests/mlx_tests/test_mlx_restarts.py::test_a_crashing_restart_does_not_kill_the_search 
pamica/tests/mlx_tests/test_mlx_restarts.py::test_a_single_restart_still_raises 
[gw3][36m [  7%] [0m[32mPASSED[0m pamica/tests/mlx_tests/test_mlx_restarts.py::test_a_single_restart_still_raises 
pamica/tests/mlx_tests/test_mlx_restarts.py::test_all_restarts_crashing_keeps_the_degenerate_contract 
[gw3][36m [  7%] [0m[32mPASSED[0m pamica/tests/mlx_tests/test_mlx_restarts.py::test_all_restarts_crashing_keeps_the_degenerate_contract 
pamica/tests/mlx_tests/test_mlx_restarts.py::test_the_winners_tuned_block_size_is_restored 
[gw7][36m [  7%] [0m[32mPASSED[0m pamica/tests/test_component_rows.py::test_unshared_fits_are_byte_identical_to_the_column_layout[numpy-m1-scale-ng-pdf0] 
pamica/tests/test_component_rows.py::test_unshared_fits_are_byte_identical_to_the_column_layout[mlx-m1-scale-ng-pdf0] 
[gw4][36m [  7%] [0m[32mPASSED[0m pamica/tests/mne_tests/test_annotation_rank_reduction.py::test_pcakeep_applies_with_annotation_rejection 
pamica/tests/mne_tests/test_annotation_rank_reduction.py::test_pcakeep_sources_are_timeline_shaped_and_rank_sized 
[gw4][36m [  7%] [0m[32mPASSED[0m pamica/tests/mne_tests/test_annotation_rank_reduction.py::test_pcakeep_sources_are_timeline_shaped_and_rank_sized 
pamica/tests/mne_tests/test_annotation_rank_reduction.py::test_pcakeep_scoring_is_timeline_aligned 
[gw4][36m [  7%] [0m[32mPASSED[0m pamica/tests/mne_tests/test_annotation_rank_reduction.py::test_pcakeep_scoring_is_timeline_aligned 
pamica/tests/mne_tests/test_annotation_rank_reduction.py::test_pcakeep_pmi_scores_good_samples_only 
[gw3][36m [  7%] [0m[32mPASSED[0m pamica/tests/mlx_tests/test_mlx_restarts.py::test_the_winners_tuned_block_size_is_restored 
pamica/tests/mlx_tests/test_mlx_scoring.py::test_model_loglik_reproduces_the_estep_forward_pass 
[gw0][36m [  7%] [0m[32mPASSED[0m pamica/tests/mlx_tests/test_mlx_backend.py::test_backend_stable_on_full_data 
pamica/tests/mlx_tests/test_mlx_backend.py::test_converged_ll_matches_torch_float32 
[gw7][36m [  7%] [0m[32mPASSED[0m pamica/tests/test_component_rows.py::test_unshared_fits_are_byte_identical_to_the_column_layout[mlx-m1-scale-ng-pdf0] 
pamica/tests/test_component_rows.py::test_unshared_fits_are_byte_identical_to_the_column_layout[torch-m1-scale-ng-pdf1] 
[gw2][36m [  7%] [0m[32mPASSED[0m pamica/tests/mlx_tests/test_mlx_pdf.py::test_sharing_with_adaptive_switcher_smoke 
pamica/tests/mlx_tests/test_mlx_pdf.py::test_get_pdftype_rejects_bad_model_idx 
[gw3][36m [  7%] [0m[32mPASSED[0m pamica/tests/mlx_tests/test_mlx_scoring.py::test_model_loglik_reproduces_the_estep_forward_pass 
pamica/tests/mlx_tests/test_mlx_scoring.py::test_model_loglik_is_the_estep_before_the_last_m_step 
[gw2][36m [  7%] [0m[32mPASSED[0m pamica/tests/mlx_tests/test_mlx_pdf.py::test_get_pdftype_rejects_bad_model_idx 
pamica/tests/mlx_tests/test_mlx_pdf.py::test_get_pdftype_requires_fit 
[gw2][36m [  7%] [0m[32mPASSED[0m pamica/tests/mlx_tests/test_mlx_pdf.py::test_get_pdftype_requires_fit 
pamica/tests/mlx_tests/test_mlx_pdf.py::test_sharing_newton_and_fixed_family_fit_completes 
[gw5][36m [  7%] [0m[32mPASSED[0m pamica/tests/mne_tests/test_mne_backends.py::test_n_iter_counts_the_e_steps_that_ran[torch-min_dll] 
pamica/tests/mne_tests/test_mne_backends.py::test_n_iter_counts_the_e_steps_that_ran[mlx-max_iter] 
[gw1][36m [  7%] [0m[32mPASSED[0m pamica/tests/mlx_tests/test_mlx_keepbest.py::test_keep_best_inactive_under_share_comps_logs_and_never_restores 
pamica/tests/mlx_tests/test_mlx_keepbest.py::test_keep_best_round_trips_through_state_dict 
[gw7][36m [  7%] [0m[32mPASSED[0m pamica/tests/test_component_rows.py::test_unshared_fits_are_byte_identical_to_the_column_layout[torch-m1-scale-ng-pdf1] 
pamica/tests/test_component_rows.py::test_unshared_fits_are_byte_identical_to_the_column_layout[mlx-m1-scale-ng-pdf1] 
[gw1][36m [  8%] [0m[32mPASSED[0m pamica/tests/mlx_tests/test_mlx_keepbest.py::test_keep_best_round_trips_through_state_dict 
pamica/tests/mlx_tests/test_mlx_keepbest.py::test_missing_keep_best_key_loads_with_the_default 
[gw4][36m [  8%] [0m[32mPASSED[0m pamica/tests/mne_tests/test_annotation_rank_reduction.py::test_pcakeep_pmi_scores_good_samples_only 
pamica/tests/mne_tests/test_annotation_rank_reduction.py::test_pcakeep_mir_still_refuses_pca_reduction 
[gw1][36m [  8%] [0m[32mPASSED[0m pamica/tests/mlx_tests/test_mlx_keepbest.py::test_missing_keep_best_key_loads_with_the_default 
pamica/tests/mlx_tests/test_mlx_keepbest.py::test_keep_best_does_not_rescue_a_diverged_fit_that_peaked_earlier 
[gw4][36m [  8%] [0m[32mPASSED[0m pamica/tests/mne_tests/test_annotation_rank_reduction.py::test_pcakeep_mir_still_refuses_pca_reduction 
pamica/tests/mne_tests/test_annotation_rank_reduction.py::test_pcakeep_export_is_rank_sized_and_orthonormal 
[gw4][36m [  8%] [0m[32mPASSED[0m pamica/tests/mne_tests/test_annotation_rank_reduction.py::test_pcakeep_export_is_rank_sized_and_orthonormal 
pamica/tests/mne_tests/test_annotation_rank_reduction.py::test_auto_rank_detection_applies_with_annotation_rejection 
[gw7][36m [  8%] [0m[32mPASSED[0m pamica/tests/test_component_rows.py::test_unshared_fits_are_byte_identical_to_the_column_layout[mlx-m1-scale-ng-pdf1] 
pamica/tests/test_component_rows.py::test_unshared_fits_are_byte_identical_to_the_column_layout[torch-m1-scale-newton-pdf0] 
[gw5][36m [  8%] [0m[32mPASSED[0m pamica/tests/mne_tests/test_mne_backends.py::test_n_iter_counts_the_e_steps_that_ran[mlx-max_iter] 
pamica/tests/mne_tests/test_mne_backends.py::test_n_iter_counts_the_e_steps_that_ran[mlx-min_dll] 
[gw1][36m [  8%] [0m[32mPASSED[0m pamica/tests/mlx_tests/test_mlx_keepbest.py::test_keep_best_does_not_rescue_a_diverged_fit_that_peaked_earlier 
pamica/tests/mlx_tests/test_mlx_keepbest.py::test_keep_best_restart_record_reports_the_restored_iterate 
[gw3][36m [  8%] [0m[32mPASSED[0m pamica/tests/mlx_tests/test_mlx_scoring.py::test_model_loglik_is_the_estep_before_the_last_m_step 
pamica/tests/mlx_tests/test_mlx_scoring.py::test_model_probability_is_normalized 
[gw7][36m [  8%] [0m[32mPASSED[0m pamica/tests/test_component_rows.py::test_unshared_fits_are_byte_identical_to_the_column_layout[torch-m1-scale-newton-pdf0] 
pamica/tests/test_component_rows.py::test_unshared_fits_are_byte_identical_to_the_column_layout[numpy-m1-scale-newton-pdf0] 
[gw3][36m [  8%] [0m[32mPASSED[0m pamica/tests/mlx_tests/test_mlx_scoring.py::test_model_probability_is_normalized 
pamica/tests/mlx_tests/test_mlx_scoring.py::test_single_model_probability_is_all_ones 
[gw3][36m [  8%] [0m[32mPASSED[0m pamica/tests/mlx_tests/test_mlx_scoring.py::test_single_model_probability_is_all_ones 
pamica/tests/mlx_tests/test_mlx_scoring.py::test_model_loglik_uses_stored_sphere_not_reprocess 
[gw5][36m [  8%] [0m[32mPASSED[0m pamica/tests/mne_tests/test_mne_backends.py::test_n_iter_counts_the_e_steps_that_ran[mlx-min_dll] 
pamica/tests/mne_tests/test_mne_meg.py::test_pre_whitener_is_one_scale_per_channel_type 
[gw3][36m [  8%] [0m[32mPASSED[0m pamica/tests/mlx_tests/test_mlx_scoring.py::test_model_loglik_uses_stored_sphere_not_reprocess 
pamica/tests/mlx_tests/test_mlx_scoring.py::test_model_loglik_requires_fit 
[gw3][36m [  8%] [0m[32mPASSED[0m pamica/tests/mlx_tests/test_mlx_scoring.py::test_model_loglik_requires_fit 
pamica/tests/mlx_tests/test_mlx_scoring.py::test_model_loglik_rejects_non_finite_input 
[gw4][36m [  8%] [0m[32mPASSED[0m pamica/tests/mne_tests/test_annotation_rank_reduction.py::test_auto_rank_detection_applies_with_annotation_rejection 
pamica/tests/mne_tests/test_annotation_rank_reduction.py::test_auto_rank_sources_are_timeline_shaped_and_rank_sized 
[gw4][36m [  8%] [0m[32mPASSED[0m pamica/tests/mne_tests/test_annotation_rank_reduction.py::test_auto_rank_sources_are_timeline_shaped_and_rank_sized 
pamica/tests/mne_tests/test_annotation_rank_reduction.py::test_auto_rank_scoring_is_timeline_aligned 
[gw4][36m [  8%] [0m[32mPASSED[0m pamica/tests/mne_tests/test_annotation_rank_reduction.py::test_auto_rank_scoring_is_timeline_aligned 
pamica/tests/mne_tests/test_annotation_rank_reduction.py::test_auto_rank_pmi_scores_good_samples_only 
[gw7][36m [  8%] [0m[32mPASSED[0m pamica/tests/test_component_rows.py::test_unshared_fits_are_byte_identical_to_the_column_layout[numpy-m1-scale-newton-pdf0] 
pamica/tests/test_component_rows.py::test_unshared_fits_are_byte_identical_to_the_column_layout[mlx-m1-scale-newton-pdf0] 
[gw3][36m [  8%] [0m[32mPASSED[0m pamica/tests/mlx_tests/test_mlx_scoring.py::test_model_loglik_rejects_non_finite_input 
pamica/tests/mlx_tests/test_mlx_sharing.py::test_unscheduled_sharing_is_bit_identical[1] 
[gw7][36m [  9%] [0m[32mPASSED[0m pamica/tests/test_component_rows.py::test_unshared_fits_are_byte_identical_to_the_column_layout[mlx-m1-scale-newton-pdf0] 
pamica/tests/test_component_rows.py::test_unshared_fits_are_byte_identical_to_the_column_layout[torch-m1-scale-newton-pdf1] 
[gw6][36m [  9%] [0m[32mPASSED[0m pamica/tests/mne_tests/test_mne_wrapper.py::test_mir_pmi_nbins_passthrough 
pamica/tests/mne_tests/test_mne_wrapper.py::test_mir_pmi_respect_model_idx_bounds 
[gw6][36m [  9%] [0m[32mPASSED[0m pamica/tests/mne_tests/test_mne_wrapper.py::test_mir_pmi_respect_model_idx_bounds 
pamica/tests/mne_tests/test_mne_wrapper.py::test_mir_pmi_require_fit 
[gw6][36m [  9%] [0m[32mPASSED[0m pamica/tests/mne_tests/test_mne_wrapper.py::test_mir_pmi_require_fit 
pamica/tests/mne_tests/test_mne_wrapper.py::test_mir_pmi_refuse_degenerate 
[gw3][36m [  9%] [0m[32mPASSED[0m pamica/tests/mlx_tests/test_mlx_sharing.py::test_unscheduled_sharing_is_bit_identical[1] 
pamica/tests/mlx_tests/test_mlx_sharing.py::test_unscheduled_sharing_is_bit_identical[2] 
[gw2][36m [  9%] [0m[32mPASSED[0m pamica/tests/mlx_tests/test_mlx_pdf.py::test_sharing_newton_and_fixed_family_fit_completes 
pamica/tests/mlx_tests/test_mlx_pdf.py::test_sharing_newton_and_adaptive_switcher_fit_completes 
[gw1][36m [  9%] [0m[32mPASSED[0m pamica/tests/mlx_tests/test_mlx_keepbest.py::test_keep_best_restart_record_reports_the_restored_iterate 
pamica/tests/mlx_tests/test_mlx_kitchen_sink.py::test_kitchen_sink_lifecycle 
[gw4][36m [  9%] [0m[32mPASSED[0m pamica/tests/mne_tests/test_annotation_rank_reduction.py::test_auto_rank_pmi_scores_good_samples_only 
pamica/tests/mne_tests/test_annotation_rank_reduction.py::test_auto_rank_mir_raises_pca_reduction_error 
[gw4][36m [  9%] [0m[32mPASSED[0m pamica/tests/mne_tests/test_annotation_rank_reduction.py::test_auto_rank_mir_raises_pca_reduction_error 
pamica/tests/mne_tests/test_annotation_rank_reduction.py::test_full_rank_mir_succeeds 
[gw5][36m [  9%] [0m[32mPASSED[0m pamica/tests/mne_tests/test_mne_meg.py::test_pre_whitener_is_one_scale_per_channel_type 
pamica/tests/mne_tests/test_mne_meg.py::test_scaling_equalizes_channel_type_variance 
[gw3][36m [  9%] [0m[32mPASSED[0m pamica/tests/mlx_tests/test_mlx_sharing.py::test_unscheduled_sharing_is_bit_identical[2] 
pamica/tests/mlx_tests/test_mlx_sharing.py::test_default_multimodel_fit_leaves_every_component_distinct 
[gw7][36m [  9%] [0m[32mPASSED[0m pamica/tests/test_component_rows.py::test_unshared_fits_are_byte_identical_to_the_column_layout[torch-m1-scale-newton-pdf1] 
pamica/tests/test_component_rows.py::test_unshared_fits_are_byte_identical_to_the_column_layout[mlx-m1-scale-newton-pdf1] 
[gw3][36m [  9%] [0m[32mPASSED[0m pamica/tests/mlx_tests/test_mlx_sharing.py::test_default_multimodel_fit_leaves_every_component_distinct 
pamica/tests/mlx_tests/test_mlx_sharing.py::test_two_model_share_fit_completes_and_merges 
[gw7][36m [  9%] [0m[32mPASSED[0m pamica/tests/test_component_rows.py::test_unshared_fits_are_byte_identical_to_the_column_layout[mlx-m1-scale-newton-pdf1] 
pamica/tests/test_component_rows.py::test_unshared_fits_are_byte_identical_to_the_column_layout[torch-m1-noscale-ng-pdf0] 
[gw7][36m [  9%] [0m[32mPASSED[0m pamica/tests/test_component_rows.py::test_unshared_fits_are_byte_identical_to_the_column_layout[torch-m1-noscale-ng-pdf0] 
pamica/tests/test_component_rows.py::test_unshared_fits_are_byte_identical_to_the_column_layout[numpy-m1-noscale-ng-pdf0] 
[gw3][36m [  9%] [0m[32mPASSED[0m pamica/tests/mlx_tests/test_mlx_sharing.py::test_two_model_share_fit_completes_and_merges 
pamica/tests/mlx_tests/test_mlx_sharing.py::test_merge_on_the_final_iteration_completes 
[gw3][36m [  9%] [0m[32mPASSED[0m pamica/tests/mlx_tests/test_mlx_sharing.py::test_merge_on_the_final_iteration_completes 
pamica/tests/mlx_tests/test_mlx_sharing.py::test_convergence_stop_can_fire_while_A_is_frozen 
[gw3][36m [  9%] [0m[32mPASSED[0m pamica/tests/mlx_tests/test_mlx_sharing.py::test_convergence_stop_can_fire_while_A_is_frozen 
pamica/tests/mlx_tests/test_mlx_sharing.py::test_three_model_share_fit_completes 
[gw5][36m [  9%] [0m[32mPASSED[0m pamica/tests/mne_tests/test_mne_meg.py::test_scaling_equalizes_channel_type_variance 
pamica/tests/mne_tests/test_mne_meg.py::test_roundtrip_holds_for_mixed_channel_types 
[gw2][36m [  9%] [0m[32mPASSED[0m pamica/tests/mlx_tests/test_mlx_pdf.py::test_sharing_newton_and_adaptive_switcher_fit_completes 
pamica/tests/mlx_tests/test_mlx_persistence.py::test_state_dict_round_trip_params_are_bit_identical 
[gw7][36m [ 10%] [0m[32mPASSED[0m pamica/tests/test_component_rows.py::test_unshared_fits_are_byte_identical_to_the_column_layout[numpy-m1-noscale-ng-pdf0] 
pamica/tests/test_component_rows.py::test_unshared_fits_are_byte_identical_to_the_column_layout[mlx-m1-noscale-ng-pdf0] 
[gw2][36m [ 10%] [0m[32mPASSED[0m pamica/tests/mlx_tests/test_mlx_persistence.py::test_state_dict_round_trip_params_are_bit_identical 
pamica/tests/mlx_tests/test_mlx_persistence.py::test_state_dict_round_trip_config_and_extra_are_equal 
[gw7][36m [ 10%] [0m[32mPASSED[0m pamica/tests/test_component_rows.py::test_unshared_fits_are_byte_identical_to_the_column_layout[mlx-m1-noscale-ng-pdf0] 
pamica/tests/test_component_rows.py::test_unshared_fits_are_byte_identical_to_the_column_layout[torch-m1-noscale-ng-pdf1] 
[gw2][36m [ 10%] [0m[32mPASSED[0m pamica/tests/mlx_tests/test_mlx_persistence.py::test_state_dict_round_trip_config_and_extra_are_equal 
pamica/tests/mlx_tests/test_mlx_persistence.py::test_state_dict_round_trip_transform_is_bit_identical 
[gw2][36m [ 10%] [0m[32mPASSED[0m pamica/tests/mlx_tests/test_mlx_persistence.py::test_state_dict_round_trip_transform_is_bit_identical 
pamica/tests/mlx_tests/test_mlx_persistence.py::test_state_dict_round_trip_accessors_are_bit_identical 
[gw1][36m [ 10%] [0m[32mPASSED[0m pamica/tests/mlx_tests/test_mlx_kitchen_sink.py::test_kitchen_sink_lifecycle 
pamica/tests/mlx_tests/test_mlx_llt_stash.py::test_llt_invariant_holds_for_a_default_fit 
[gw2][36m [ 10%] [0m[32mPASSED[0m pamica/tests/mlx_tests/test_mlx_persistence.py::test_state_dict_round_trip_accessors_are_bit_identical 
pamica/tests/mlx_tests/test_mlx_persistence.py::test_state_dict_round_trip_sensor_mixing_matrix_is_close 
[gw4][36m [ 10%] [0m[32mPASSED[0m pamica/tests/mne_tests/test_annotation_rank_reduction.py::test_full_rank_mir_succeeds 
pamica/tests/mne_tests/test_bad_annotation.py::test_fit_omits_bad_annotated_samples 
[gw2][36m [ 10%] [0m[32mPASSED[0m pamica/tests/mlx_tests/test_mlx_persistence.py::test_state_dict_round_trip_sensor_mixing_matrix_is_close 
pamica/tests/mlx_tests/test_mlx_persistence.py::test_save_load_round_trip_bit_identical 
[gw1][36m [ 10%] [0m[32mPASSED[0m pamica/tests/mlx_tests/test_mlx_llt_stash.py::test_llt_invariant_holds_for_a_default_fit 
pamica/tests/mlx_tests/test_mlx_llt_stash.py::test_llt_is_the_logsumexp_of_lht 
[gw3][36m [ 10%] [0m[32mPASSED[0m pamica/tests/mlx_tests/test_mlx_sharing.py::test_three_model_share_fit_completes 
pamica/tests/mlx_tests/test_mlx_sharing.py::test_rank_reduced_share_fit_completes 
[gw2][36m [ 10%] [0m[32mPASSED[0m pamica/tests/mlx_tests/test_mlx_persistence.py::test_save_load_round_trip_bit_identical 
pamica/tests/mlx_tests/test_mlx_persistence.py::test_save_load_npz_layout 
[gw1][36m [ 10%] [0m[32mPASSED[0m pamica/tests/mlx_tests/test_mlx_llt_stash.py::test_llt_is_the_logsumexp_of_lht 
pamica/tests/mlx_tests/test_mlx_llt_stash.py::test_llt_stashed_at_one_model_too 
[gw2][36m [ 10%] [0m[32mPASSED[0m pamica/tests/mlx_tests/test_mlx_persistence.py::test_save_load_npz_layout 
pamica/tests/mlx_tests/test_mlx_persistence.py::test_round_trip_bit_identical_on_rank_reduced_fit 
[gw1][36m [ 10%] [0m[32mPASSED[0m pamica/tests/mlx_tests/test_mlx_llt_stash.py::test_llt_stashed_at_one_model_too 
pamica/tests/mlx_tests/test_mlx_llt_stash.py::test_stashed_llt_is_one_m_step_behind_the_written_parameters 
[gw7][36m [ 10%] [0m[32mPASSED[0m pamica/tests/test_component_rows.py::test_unshared_fits_are_byte_identical_to_the_column_layout[torch-m1-noscale-ng-pdf1] 
pamica/tests/test_component_rows.py::test_unshared_fits_are_byte_identical_to_the_column_layout[mlx-m1-noscale-ng-pdf1] 
[gw2][36m [ 10%] [0m[32mPASSED[0m pamica/tests/mlx_tests/test_mlx_persistence.py::test_round_trip_bit_identical_on_rank_reduced_fit 
pamica/tests/mlx_tests/test_mlx_persistence.py::test_round_trip_preserves_forced_merge_state 
[gw2][36m [ 10%] [0m[32mPASSED[0m pamica/tests/mlx_tests/test_mlx_persistence.py::test_round_trip_preserves_forced_merge_state 
pamica/tests/mlx_tests/test_mlx_persistence.py::test_round_trip_preserves_adaptive_switcher_state 
[gw7][36m [ 10%] [0m[32mPASSED[0m pamica/tests/test_component_rows.py::test_unshared_fits_are_byte_identical_to_the_column_layout[mlx-m1-noscale-ng-pdf1] 
pamica/tests/test_component_rows.py::test_unshared_fits_are_byte_identical_to_the_column_layout[torch-m1-noscale-newton-pdf0] 
[gw5][36m [ 10%] [0m[32mPASSED[0m pamica/tests/mne_tests/test_mne_meg.py::test_roundtrip_holds_for_mixed_channel_types 
pamica/tests/mne_tests/test_mne_meg.py::test_eeg_only_scaling_is_absorbed_by_the_sphere 
[gw1][36m [ 11%] [0m[32mPASSED[0m pamica/tests/mlx_tests/test_mlx_llt_stash.py::test_stashed_llt_is_one_m_step_behind_the_written_parameters 
pamica/tests/mlx_tests/test_mlx_llt_stash.py::test_llt_stash_is_none_before_any_estep_ran 
[gw1][36m [ 11%] [0m[32mPASSED[0m pamica/tests/mlx_tests/test_mlx_llt_stash.py::test_llt_stash_is_none_before_any_estep_ran 
pamica/tests/mlx_tests/test_mlx_llt_stash.py::test_keep_best_restore_rolls_the_llt_stash_back 
[gw3][36m [ 11%] [0m[32mPASSED[0m pamica/tests/mlx_tests/test_mlx_sharing.py::test_rank_reduced_share_fit_completes 
pamica/tests/mlx_tests/test_mlx_sharing.py::test_second_identify_call_does_not_resurrect_merged_columns 
[gw3][36m [ 11%] [0m[32mPASSED[0m pamica/tests/mlx_tests/test_mlx_sharing.py::test_second_identify_call_does_not_resurrect_merged_columns 
pamica/tests/mlx_tests/test_mlx_sharing.py::test_merged_away_columns_keep_their_last_finite_value 
[gw7][36m [ 11%] [0m[32mPASSED[0m pamica/tests/test_component_rows.py::test_unshared_fits_are_byte_identical_to_the_column_layout[torch-m1-noscale-newton-pdf0] 
pamica/tests/test_component_rows.py::test_unshared_fits_are_byte_identical_to_the_column_layout[numpy-m1-noscale-newton-pdf0] 
[gw3][36m [ 11%] [0m[32mPASSED[0m pamica/tests/mlx_tests/test_mlx_sharing.py::test_merged_away_columns_keep_their_last_finite_value 
pamica/tests/mlx_tests/test_mlx_sharing.py::test_a_frozen_window_matches_the_torch_schedule[True-2] 
[gw3][36m [ 11%] [0m[32mPASSED[0m pamica/tests/mlx_tests/test_mlx_sharing.py::test_a_frozen_window_matches_the_torch_schedule[True-2] 
pamica/tests/mlx_tests/test_mlx_sharing.py::test_a_frozen_window_matches_the_torch_schedule[False-2] 
[gw3][36m [ 11%] [0m[32mPASSED[0m pamica/tests/mlx_tests/test_mlx_sharing.py::test_a_frozen_window_matches_the_torch_schedule[False-2] 
pamica/tests/mlx_tests/test_mlx_sharing.py::test_a_frozen_window_matches_the_torch_schedule[False-1] 
[gw3][36m [ 11%] [0m[32mPASSED[0m pamica/tests/mlx_tests/test_mlx_sharing.py::test_a_frozen_window_matches_the_torch_schedule[False-1] 
pamica/tests/mlx_tests/test_mlx_sharing.py::test_a_frozen_applies_to_a_single_model_without_sharing 
[gw3][36m [ 11%] [0m[32mPASSED[0m pamica/tests/mlx_tests/test_mlx_sharing.py::test_a_frozen_applies_to_a_single_model_without_sharing 
pamica/tests/mlx_tests/test_mlx_sharing.py::test_freeze_holds_A_while_the_mixture_keeps_moving 
[gw2][36m [ 11%] [0m[32mPASSED[0m pamica/tests/mlx_tests/test_mlx_persistence.py::test_round_trip_preserves_adaptive_switcher_state 
pamica/tests/mlx_tests/test_mlx_persistence.py::test_round_trip_preserves_newton_fallback_count 
[gw1][36m [ 11%] [0m[32mPASSED[0m pamica/tests/mlx_tests/test_mlx_llt_stash.py::test_keep_best_restore_rolls_the_llt_stash_back 
pamica/tests/mlx_tests/test_mlx_mir.py::test_mir_composes_unmixing_the_documented_way 
[gw2][36m [ 11%] [0m[32mPASSED[0m pamica/tests/mlx_tests/test_mlx_persistence.py::test_round_trip_preserves_newton_fallback_count 
pamica/tests/mlx_tests/test_mlx_persistence.py::test_round_trip_preserves_multi_restart_records 
[gw1][36m [ 11%] [0m[32mPASSED[0m pamica/tests/mlx_tests/test_mlx_mir.py::test_mir_composes_unmixing_the_documented_way 
pamica/tests/mlx_tests/test_mlx_mir.py::test_pmi_matches_pairwise_mi_on_transform 
[gw6][36m [ 11%] [0m[32mPASSED[0m pamica/tests/mne_tests/test_mne_wrapper.py::test_mir_pmi_refuse_degenerate 
pamica/tests/mne_tests/test_pca_residual.py::test_full_rank_export_is_unchanged 
[gw3][36m [ 11%] [0m[32mPASSED[0m pamica/tests/mlx_tests/test_mlx_sharing.py::test_freeze_holds_A_while_the_mixture_keeps_moving 
pamica/tests/mlx_tests/test_mlx_sharing.py::test_share_constructor_validation[kwargs0-share_start] 
[gw3][36m [ 11%] [0m[32mPASSED[0m pamica/tests/mlx_tests/test_mlx_sharing.py::test_share_constructor_validation[kwargs0-share_start] 
pamica/tests/mlx_tests/test_mlx_sharing.py::test_share_constructor_validation[kwargs1-share_iter] 
[gw3][36m [ 11%] [0m[32mPASSED[0m pamica/tests/mlx_tests/test_mlx_sharing.py::test_share_constructor_validation[kwargs1-share_iter] 
pamica/tests/mlx_tests/test_mlx_sharing.py::test_share_constructor_validation[kwargs2-share_iter] 
[gw2][36m [ 11%] [0m[32mPASSED[0m pamica/tests/mlx_tests/test_mlx_persistence.py::test_round_trip_preserves_multi_restart_records 
[gw3][36m [ 11%] [0m[32mPASSED[0m pamica/tests/mlx_tests/test_mlx_sharing.py::test_share_constructor_validation[kwargs2-share_iter] 
pamica/tests/mlx_tests/test_mlx_sharing.py::test_share_constructor_validation[kwargs3-comp_thresh] 
[gw3][36m [ 11%] [0m[32mPASSED[0m pamica/tests/mlx_tests/test_mlx_sharing.py::test_share_constructor_validation[kwargs3-comp_thresh] 
pamica/tests/mlx_tests/test_mlx_sharing.py::test_share_constructor_validation[kwargs4-comp_thresh] 
[gw3][36m [ 12%] [0m[32mPASSED[0m pamica/tests/mlx_tests/test_mlx_sharing.py::test_share_constructor_validation[kwargs4-comp_thresh] 
pamica/tests/mlx_tests/test_mlx_persistence.py::test_state_dict_refuses_unfitted_model 
pamica/tests/mlx_tests/test_mlx_sharing.py::test_share_settings_are_not_validated_when_sharing_is_off 
[gw2][36m [ 12%] [0m[32mPASSED[0m pamica/tests/mlx_tests/test_mlx_persistence.py::test_state_dict_refuses_unfitted_model 
pamica/tests/mlx_tests/test_mlx_persistence.py::test_save_refuses_unfitted_model 
[gw3][36m [ 12%] [0m[32mPASSED[0m pamica/tests/mlx_tests/test_mlx_sharing.py::test_share_settings_are_not_validated_when_sharing_is_off 
[gw2][36m [ 12%] [0m[32mPASSED[0m pamica/tests/mlx_tests/test_mlx_persistence.py::test_save_refuses_unfitted_model 
pamica/tests/mlx_tests/test_mlx_sharing.py::test_single_model_sharing_is_accepted_and_inert 
pamica/tests/mlx_tests/test_mlx_persistence.py::test_state_dict_refuses_degenerate_fit 
[gw2][36m [ 12%] [0m[32mPASSED[0m pamica/tests/mlx_tests/test_mlx_persistence.py::test_state_dict_refuses_degenerate_fit 
pamica/tests/mlx_tests/test_mlx_persistence.py::test_save_refuses_degenerate_fit 
[gw2][36m [ 12%] [0m[32mPASSED[0m pamica/tests/mlx_tests/test_mlx_persistence.py::test_save_refuses_degenerate_fit 
pamica/tests/mlx_tests/test_mlx_persistence.py::test_state_dict_refuses_force_set_nonfinite_param_naming_it 
[gw2][36m [ 12%] [0m[32mPASSED[0m pamica/tests/mlx_tests/test_mlx_persistence.py::test_state_dict_refuses_force_set_nonfinite_param_naming_it 
pamica/tests/mlx_tests/test_mlx_persistence.py::test_from_state_dict_rejects_wrong_format_version 
[gw3][36m [ 12%] [0m[32mPASSED[0m pamica/tests/mlx_tests/test_mlx_sharing.py::test_single_model_sharing_is_accepted_and_inert 
pamica/tests/mlx_tests/test_mlx_sharing.py::test_non_finite_sphere_fails_loudly 
[gw2][36m [ 12%] [0m[32mPASSED[0m pamica/tests/mlx_tests/test_mlx_persistence.py::test_from_state_dict_rejects_wrong_format_version 
pamica/tests/mlx_tests/test_mlx_persistence.py::test_from_state_dict_rejects_missing_section[config] 
[gw3][36m [ 12%] [0m[32mPASSED[0m pamica/tests/mlx_tests/test_mlx_sharing.py::test_non_finite_sphere_fails_loudly 
pamica/tests/mlx_tests/test_mlx_sharing.py::test_pinv_sphere_before_fit_raises 
[gw3][36m [ 12%] [0m[32mPASSED[0m pamica/tests/mlx_tests/test_mlx_sharing.py::test_pinv_sphere_before_fit_raises 
pamica/tests/mlx_tests/test_mlx_transform.py::test_transform_requires_fitted_model 
[gw3][36m [ 12%] [0m[32mPASSED[0m pamica/tests/mlx_tests/test_mlx_transform.py::test_transform_requires_fitted_model 
pamica/tests/mlx_tests/test_mlx_transform.py::test_accessors_require_fitted_model[get_mixing_matrix] 
[gw3][36m [ 12%] [0m[32mPASSED[0m pamica/tests/mlx_tests/test_mlx_transform.py::test_accessors_require_fitted_model[get_mixing_matrix] 
pamica/tests/mlx_tests/test_mlx_transform.py::test_accessors_require_fitted_model[get_unmixing_matrix] 
[gw3][36m [ 12%] [0m[32mPASSED[0m pamica/tests/mlx_tests/test_mlx_transform.py::test_accessors_require_fitted_model[get_unmixing_matrix] 
pamica/tests/mlx_tests/test_mlx_transform.py::test_accessors_require_fitted_model[get_sensor_mixing_matrix] 
[gw3][36m [ 12%] [0m[32mPASSED[0m pamica/tests/mlx_tests/test_mlx_transform.py::test_accessors_require_fitted_model[get_sensor_mixing_matrix] 
pamica/tests/mlx_tests/test_mlx_transform.py::test_accessors_require_fitted_model[get_rho] 
[gw3][36m [ 12%] [0m[32mPASSED[0m pamica/tests/mlx_tests/test_mlx_transform.py::test_accessors_require_fitted_model[get_rho] 
pamica/tests/mlx_tests/test_mlx_transform.py::test_accessors_require_fitted_model[variance_order] 
[gw3][36m [ 12%] [0m[32mPASSED[0m pamica/tests/mlx_tests/test_mlx_transform.py::test_accessors_require_fitted_model[variance_order] 
pamica/tests/mlx_tests/test_mlx_transform.py::test_transform_rejects_invalid_model_idx[-1] 
[gw2][36m [ 12%] [0m[32mPASSED[0m pamica/tests/mlx_tests/test_mlx_persistence.py::test_from_state_dict_rejects_missing_section[config] 
pamica/tests/mlx_tests/test_mlx_persistence.py::test_from_state_dict_rejects_missing_section[params] 
[gw1][36m [ 12%] [0m[32mPASSED[0m pamica/tests/mlx_tests/test_mlx_mir.py::test_pmi_matches_pairwise_mi_on_transform 
pamica/tests/mlx_tests/test_mlx_mir.py::test_mir_and_pmi_honour_model_idx 
[gw3][36m [ 12%] [0m[32mPASSED[0m pamica/tests/mlx_tests/test_mlx_transform.py::test_transform_rejects_invalid_model_idx[-1] 
pamica/tests/mlx_tests/test_mlx_transform.py::test_transform_rejects_invalid_model_idx[1] 
[gw7][36m [ 13%] [0m[32mPASSED[0m pamica/tests/test_component_rows.py::test_unshared_fits_are_byte_identical_to_the_column_layout[numpy-m1-noscale-newton-pdf0] 
[gw2][36m [ 13%] [0m[32mPASSED[0m pamica/tests/mlx_tests/test_mlx_persistence.py::test_from_state_dict_rejects_missing_section[params] 
pamica/tests/mlx_tests/test_mlx_persistence.py::test_from_state_dict_rejects_missing_section[extra] 
pamica/tests/test_component_rows.py::test_unshared_fits_are_byte_identical_to_the_column_layout[mlx-m1-noscale-newton-pdf0] 
[gw2][36m [ 13%] [0m[32mPASSED[0m pamica/tests/mlx_tests/test_mlx_persistence.py::test_from_state_dict_rejects_missing_section[extra] 
pamica/tests/mlx_tests/test_mlx_persistence.py::test_from_state_dict_rejects_missing_param 
[gw3][36m [ 13%] [0m[32mPASSED[0m pamica/tests/mlx_tests/test_mlx_transform.py::test_transform_rejects_invalid_model_idx[1] 
pamica/tests/mlx_tests/test_mlx_transform.py::test_transform_rejects_invalid_model_idx[2] 
[gw2][36m [ 13%] [0m[32mPASSED[0m pamica/tests/mlx_tests/test_mlx_persistence.py::test_from_state_dict_rejects_missing_param 
pamica/tests/mlx_tests/test_mlx_persistence.py::test_from_state_dict_rejects_shape_drift 
[gw2][36m [ 13%] [0m[32mPASSED[0m pamica/tests/mlx_tests/test_mlx_persistence.py::test_from_state_dict_rejects_shape_drift 
pamica/tests/mlx_tests/test_mlx_persistence.py::test_from_state_dict_rejects_comp_list_shape_drift 
[gw3][36m [ 13%] [0m[32mPASSED[0m pamica/tests/mlx_tests/test_mlx_transform.py::test_transform_rejects_invalid_model_idx[2] 
pamica/tests/mlx_tests/test_mlx_transform.py::test_transform_rejects_invalid_model_idx[100] 
[gw7][36m [ 13%] [0m[32mPASSED[0m pamica/tests/test_component_rows.py::test_unshared_fits_are_byte_identical_to_the_column_layout[mlx-m1-noscale-newton-pdf0] 
pamica/tests/test_component_rows.py::test_unshared_fits_are_byte_identical_to_the_column_layout[torch-m1-noscale-newton-pdf1] 
[gw2][36m [ 13%] [0m[32mPASSED[0m pamica/tests/mlx_tests/test_mlx_persistence.py::test_from_state_dict_rejects_comp_list_shape_drift 
pamica/tests/mlx_tests/test_mlx_persistence.py::test_from_state_dict_rejects_shape_drift_for_every_param[mean] 
[gw3][36m [ 13%] [0m[32mPASSED[0m pamica/tests/mlx_tests/test_mlx_transform.py::test_transform_rejects_invalid_model_idx[100] 
pamica/tests/test_component_rows.py::test_the_metric_compares_the_sensor_maps[mlx] 
[gw2][36m [ 13%] [0m[32mPASSED[0m pamica/tests/mlx_tests/test_mlx_persistence.py::test_from_state_dict_rejects_shape_drift_for_every_param[mean] 
pamica/tests/mlx_tests/test_mlx_persistence.py::test_from_state_dict_rejects_shape_drift_for_every_param[W] 
[gw4][36m [ 13%] [0m[32mPASSED[0m pamica/tests/mne_tests/test_bad_annotation.py::test_fit_omits_bad_annotated_samples 
pamica/tests/mne_tests/test_bad_annotation.py::test_mask_indexes_exactly_the_fitted_columns 
[gw4][36m [ 13%] [0m[32mPASSED[0m pamica/tests/mne_tests/test_bad_annotation.py::test_mask_indexes_exactly_the_fitted_columns 
pamica/tests/mne_tests/test_bad_annotation.py::test_fit_equals_manual_column_drop 
[gw2][36m [ 13%] [0m[32mPASSED[0m pamica/tests/mlx_tests/test_mlx_persistence.py::test_from_state_dict_rejects_shape_drift_for_every_param[W] 
pamica/tests/mlx_tests/test_mlx_persistence.py::test_from_state_dict_rejects_shape_drift_for_every_param[mu] 
[gw1][36m [ 13%] [0m[32mPASSED[0m pamica/tests/mlx_tests/test_mlx_mir.py::test_mir_and_pmi_honour_model_idx 
pamica/tests/mlx_tests/test_mlx_mir.py::test_mir_and_pmi_honour_nbins 
[gw2][36m [ 13%] [0m[32mPASSED[0m pamica/tests/mlx_tests/test_mlx_persistence.py::test_from_state_dict_rejects_shape_drift_for_every_param[mu] 
pamica/tests/mlx_tests/test_mlx_persistence.py::test_from_state_dict_rejects_shape_drift_for_every_param[gm] 
[gw2][36m [ 13%] [0m[32mPASSED[0m pamica/tests/mlx_tests/test_mlx_persistence.py::test_from_state_dict_rejects_shape_drift_for_every_param[gm] 
pamica/tests/mlx_tests/test_mlx_persistence.py::test_from_state_dict_rejects_nan_comp_list 
[gw2][36m [ 13%] [0m[32mPASSED[0m pamica/tests/mlx_tests/test_mlx_persistence.py::test_from_state_dict_rejects_nan_comp_list 
pamica/tests/mlx_tests/test_mlx_persistence.py::test_from_state_dict_rejects_non_integer_valued_comp_list 
[gw2][36m [ 13%] [0m[32mPASSED[0m pamica/tests/mlx_tests/test_mlx_persistence.py::test_from_state_dict_rejects_non_integer_valued_comp_list 
pamica/tests/mlx_tests/test_mlx_persistence.py::test_from_state_dict_accepts_whole_valued_float_comp_list 
[gw2][36m [ 13%] [0m[32mPASSED[0m pamica/tests/mlx_tests/test_mlx_persistence.py::test_from_state_dict_accepts_whole_valued_float_comp_list 
pamica/tests/mlx_tests/test_mlx_persistence.py::test_from_state_dict_rejects_nonfinite_mu 
[gw2][36m [ 14%] [0m[32mPASSED[0m pamica/tests/mlx_tests/test_mlx_persistence.py::test_from_state_dict_rejects_nonfinite_mu 
pamica/tests/mlx_tests/test_mlx_persistence.py::test_from_state_dict_rejects_singular_restored_W 
[gw1][36m [ 14%] [0m[32mPASSED[0m pamica/tests/mlx_tests/test_mlx_mir.py::test_mir_and_pmi_honour_nbins 
pamica/tests/mlx_tests/test_mlx_mir.py::test_mir_real_fitted_unmixing_is_large_and_positive 
[gw2][36m [ 14%] [0m[32mPASSED[0m pamica/tests/mlx_tests/test_mlx_persistence.py::test_from_state_dict_rejects_singular_restored_W 
pamica/tests/mlx_tests/test_mlx_persistence.py::test_load_rejects_wrong_format_version 
[gw2][36m [ 14%] [0m[32mPASSED[0m pamica/tests/mlx_tests/test_mlx_persistence.py::test_load_rejects_wrong_format_version 
pamica/tests/mlx_tests/test_mlx_persistence.py::test_load_rejects_truncated_file 
[gw7][36m [ 14%] [0m[32mPASSED[0m pamica/tests/test_component_rows.py::test_unshared_fits_are_byte_identical_to_the_column_layout[torch-m1-noscale-newton-pdf1] 
pamica/tests/test_component_rows.py::test_unshared_fits_are_byte_identical_to_the_column_layout[mlx-m1-noscale-newton-pdf1] 
[gw2][36m [ 14%] [0m[32mPASSED[0m pamica/tests/mlx_tests/test_mlx_persistence.py::test_load_rejects_truncated_file 
pamica/tests/mlx_tests/test_mlx_persistence.py::test_load_rejects_byte_truncated_file 
[gw1][36m [ 14%] [0m[32mPASSED[0m pamica/tests/mlx_tests/test_mlx_mir.py::test_mir_real_fitted_unmixing_is_large_and_positive 
pamica/tests/mlx_tests/test_mlx_mir.py::test_mir_on_a_share_comps_merged_model 
[gw2][36m [ 14%] [0m[32mPASSED[0m pamica/tests/mlx_tests/test_mlx_persistence.py::test_load_rejects_byte_truncated_file 
pamica/tests/mlx_tests/test_mlx_persistence.py::test_load_rejects_missing_param_array 
[gw2][36m [ 14%] [0m[32mPASSED[0m pamica/tests/mlx_tests/test_mlx_persistence.py::test_load_rejects_missing_param_array 
pamica/tests/mlx_tests/test_mlx_reject.py::test_reject_param_validation 
[gw2][36m [ 14%] [0m[32mPASSED[0m pamica/tests/mlx_tests/test_mlx_reject.py::test_reject_param_validation 
pamica/tests/mlx_tests/test_mlx_reject.py::test_reject_defaults_match_torch 
[gw2][36m [ 14%] [0m[32mPASSED[0m pamica/tests/mlx_tests/test_mlx_reject.py::test_reject_defaults_match_torch 
pamica/tests/mlx_tests/test_mlx_reject.py::test_do_reject_false_leaves_good_idx_unset 
[gw7][36m [ 14%] [0m[32mPASSED[0m pamica/tests/test_component_rows.py::test_unshared_fits_are_byte_identical_to_the_column_layout[mlx-m1-noscale-newton-pdf1] 
pamica/tests/test_component_rows.py::test_unshared_fits_are_byte_identical_to_the_column_layout[torch-m2-scale-ng-pdf0] 
[gw2][36m [ 14%] [0m[32mPASSED[0m pamica/tests/mlx_tests/test_mlx_reject.py::test_do_reject_false_leaves_good_idx_unset 
pamica/tests/mlx_tests/test_mlx_reject.py::test_rejection_shrinks_good_sample_set_on_the_expected_schedule 
[gw6][36m [ 14%] [0m[32mPASSED[0m pamica/tests/mne_tests/test_pca_residual.py::test_full_rank_export_is_unchanged 
pamica/tests/mne_tests/test_pca_residual.py::test_full_rank_two_model_export_is_unchanged 
[gw2][36m [ 14%] [0m[32mPASSED[0m pamica/tests/mlx_tests/test_mlx_reject.py::test_rejection_shrinks_good_sample_set_on_the_expected_schedule 
pamica/tests/mlx_tests/test_mlx_reject.py::test_maxrej_zero_disables_rejection 
[gw5][36m [ 14%] [0m[32mPASSED[0m pamica/tests/mne_tests/test_mne_meg.py::test_eeg_only_scaling_is_absorbed_by_the_sphere 
pamica/tests/mne_tests/test_mne_meg.py::test_rank_deficient_fit_exports_and_roundtrips 
[gw2][36m [ 14%] [0m[32mPASSED[0m pamica/tests/mlx_tests/test_mlx_reject.py::test_maxrej_zero_disables_rejection 
pamica/tests/mlx_tests/test_mlx_reject.py::test_none_rejected_in_a_pass_still_counts_as_a_pass 
[gw2][36m [ 14%] [0m[32mPASSED[0m pamica/tests/mlx_tests/test_mlx_reject.py::test_none_rejected_in_a_pass_still_counts_as_a_pass 
pamica/tests/mlx_tests/test_mlx_reject.py::test_multimodel_rejection_keeps_gm_and_c_finite 
[gw1][36m [ 14%] [0m[32mPASSED[0m pamica/tests/mlx_tests/test_mlx_mir.py::test_mir_on_a_share_comps_merged_model 
pamica/tests/mlx_tests/test_mlx_mir.py::test_mir_requires_a_fitted_model 
[gw1][36m [ 14%] [0m[32mPASSED[0m pamica/tests/mlx_tests/test_mlx_mir.py::test_mir_requires_a_fitted_model 
pamica/tests/mlx_tests/test_mlx_mir.py::test_mir_step_populates_history_at_right_iterations 
[gw1][36m [ 15%] [0m[32mPASSED[0m pamica/tests/mlx_tests/test_mlx_mir.py::test_mir_step_populates_history_at_right_iterations 
pamica/tests/mlx_tests/test_mlx_mir.py::test_mir_step_zero_leaves_history_empty 
[gw2][36m [ 15%] [0m[32mPASSED[0m pamica/tests/mlx_tests/test_mlx_reject.py::test_multimodel_rejection_keeps_gm_and_c_finite 
pamica/tests/mlx_tests/test_mlx_reject.py::test_keep_best_inactive_under_do_reject_warns 
[gw7][36m [ 15%] [0m[32mPASSED[0m pamica/tests/test_component_rows.py::test_unshared_fits_are_byte_identical_to_the_column_layout[torch-m2-scale-ng-pdf0] 
pamica/tests/test_component_rows.py::test_unshared_fits_are_byte_identical_to_the_column_layout[numpy-m2-scale-ng-pdf0] 
[gw1][36m [ 15%] [0m[32mPASSED[0m pamica/tests/mlx_tests/test_mlx_mir.py::test_mir_step_zero_leaves_history_empty 
pamica/tests/mlx_tests/test_mlx_mir.py::test_mir_step_negative_raises 
[gw1][36m [ 15%] [0m[32mPASSED[0m pamica/tests/mlx_tests/test_mlx_mir.py::test_mir_step_negative_raises 
pamica/tests/mlx_tests/test_mlx_mir.py::test_max_iter_zero_raises 
[gw1][36m [ 15%] [0m[32mPASSED[0m pamica/tests/mlx_tests/test_mlx_mir.py::test_max_iter_zero_raises 
pamica/tests/mlx_tests/test_mlx_mir.py::test_mir_step_zero_matches_omitted_argument 
[gw2][36m [ 15%] [0m[32mPASSED[0m pamica/tests/mlx_tests/test_mlx_reject.py::test_keep_best_inactive_under_do_reject_warns 
pamica/tests/mlx_tests/test_mlx_reject.py::test_keep_best_inactive_reason_prefers_do_reject_when_both_are_on 
[gw1][36m [ 15%] [0m[32mPASSED[0m pamica/tests/mlx_tests/test_mlx_mir.py::test_mir_step_zero_matches_omitted_argument 
pamica/tests/mlx_tests/test_mlx_mir.py::test_failing_mir_waypoint_does_not_kill_the_fit 
[gw1][36m [ 15%] [0m[32mPASSED[0m pamica/tests/mlx_tests/test_mlx_mir.py::test_failing_mir_waypoint_does_not_kill_the_fit 
pamica/tests/mlx_tests/test_mlx_mir.py::test_mir_raises_under_auto_detected_rank_reduction 
[gw2][36m [ 15%] [0m[32mPASSED[0m pamica/tests/mlx_tests/test_mlx_reject.py::test_keep_best_inactive_reason_prefers_do_reject_when_both_are_on 
[gw1][36m [ 15%] [0m[32mPASSED[0m pamica/tests/mlx_tests/test_mlx_mir.py::test_mir_raises_under_auto_detected_rank_reduction 
pamica/tests/mlx_tests/test_mlx_reject.py::test_keep_best_restore_never_fires_under_do_reject 
pamica/tests/mlx_tests/test_mlx_mir.py::test_mir_full_rank_succeeds 
[gw4][36m [ 15%] [0m[32mPASSED[0m pamica/tests/mne_tests/test_bad_annotation.py::test_fit_equals_manual_column_drop 
pamica/tests/mne_tests/test_bad_annotation.py::test_reject_false_keeps_all_samples 
[gw1][36m [ 15%] [0m[32mPASSED[0m pamica/tests/mlx_tests/test_mlx_mir.py::test_mir_full_rank_succeeds 
pamica/tests/mlx_tests/test_mlx_mir.py::test_mir_step_on_rank_reduced_data_completes_with_one_warned_nan_waypoint 
[gw1][36m [ 15%] [0m[32mPASSED[0m pamica/tests/mlx_tests/test_mlx_mir.py::test_mir_step_on_rank_reduced_data_completes_with_one_warned_nan_waypoint 
pamica/tests/mlx_tests/test_mlx_mir.py::test_mir_history_survives_keep_best_restore 
[gw5][36m [ 15%] [0m[32mPASSED[0m pamica/tests/mne_tests/test_mne_meg.py::test_rank_deficient_fit_exports_and_roundtrips 
pamica/tests/mne_tests/test_mne_meg.py::test_rank_deficient_components_are_sensor_shaped 
[gw1][36m [ 15%] [0m[32mPASSED[0m pamica/tests/mlx_tests/test_mlx_mir.py::test_mir_history_survives_keep_best_restore 
pamica/tests/mlx_tests/test_mlx_mir.py::test_mir_history_empty_after_state_dict_round_trip 
[gw1][36m [ 15%] [0m[32mPASSED[0m pamica/tests/mlx_tests/test_mlx_mir.py::test_mir_history_empty_after_state_dict_round_trip 
pamica/tests/mlx_tests/test_mlx_mir.py::test_mir_history_survives_best_of_n_restarts_winner_not_last 
[gw2][36m [ 15%] [0m[32mPASSED[0m pamica/tests/mlx_tests/test_mlx_reject.py::test_keep_best_restore_never_fires_under_do_reject 
pamica/tests/mlx_tests/test_mlx_reject.py::test_do_reject_survives_best_of_n_restarts_winner_not_last 
[gw4][36m [ 15%] [0m[32mPASSED[0m pamica/tests/mne_tests/test_bad_annotation.py::test_reject_false_keeps_all_samples 
pamica/tests/mne_tests/test_bad_annotation.py::test_non_bad_annotations_are_inert 
[gw7][36m [ 15%] [0m[32mPASSED[0m pamica/tests/test_component_rows.py::test_unshared_fits_are_byte_identical_to_the_column_layout[numpy-m2-scale-ng-pdf0] 
pamica/tests/test_component_rows.py::test_unshared_fits_are_byte_identical_to_the_column_layout[mlx-m2-scale-ng-pdf0] 
[gw2][36m [ 16%] [0m[32mPASSED[0m pamica/tests/mlx_tests/test_mlx_reject.py::test_do_reject_survives_best_of_n_restarts_winner_not_last 
pamica/tests/mlx_tests/test_mlx_reject.py::test_do_reject_with_a_genuine_share_comps_merge 
[gw7][36m [ 16%] [0m[32mPASSED[0m pamica/tests/test_component_rows.py::test_unshared_fits_are_byte_identical_to_the_column_layout[mlx-m2-scale-ng-pdf0] 
pamica/tests/test_component_rows.py::test_unshared_fits_are_byte_identical_to_the_column_layout[torch-m2-scale-ng-pdf1] 
[gw5][36m [ 16%] [0m[32mPASSED[0m pamica/tests/mne_tests/test_mne_meg.py::test_rank_deficient_components_are_sensor_shaped 
pamica/tests/mne_tests/test_mne_meg.py::test_rank_deficient_apply_reconstructs 
[gw1][36m [ 16%] [0m[32mPASSED[0m pamica/tests/mlx_tests/test_mlx_mir.py::test_mir_history_survives_best_of_n_restarts_winner_not_last 
pamica/tests/mlx_tests/test_mlx_newton.py::test_newton_fit_is_stable_on_full_data[1] 
[gw4][36m [ 16%] [0m[32mPASSED[0m pamica/tests/mne_tests/test_bad_annotation.py::test_non_bad_annotations_are_inert 
pamica/tests/mne_tests/test_bad_annotation.py::test_start_stop_composes_with_rejection 
[gw2][36m [ 16%] [0m[32mPASSED[0m pamica/tests/mlx_tests/test_mlx_reject.py::test_do_reject_with_a_genuine_share_comps_merge 
pamica/tests/test_doscaling_rows.py::test_every_backend_rejects_an_invalid_scalestep[torch--1] 
[gw2][36m [ 16%] [0m[32mPASSED[0m pamica/tests/test_doscaling_rows.py::test_every_backend_rejects_an_invalid_scalestep[torch--1] 
pamica/tests/test_doscaling_rows.py::test_every_backend_rejects_an_invalid_scalestep[torch-2.5] 
[gw2][36m [ 16%] [0m[32mPASSED[0m pamica/tests/test_doscaling_rows.py::test_every_backend_rejects_an_invalid_scalestep[torch-2.5] 
pamica/tests/test_doscaling_rows.py::test_every_backend_rejects_an_invalid_scalestep[torch-True] 
[gw2][36m [ 16%] [0m[32mPASSED[0m pamica/tests/test_doscaling_rows.py::test_every_backend_rejects_an_invalid_scalestep[torch-True] 
pamica/tests/test_doscaling_rows.py::test_every_backend_rejects_an_invalid_scalestep[numpy-0] 
[gw2][36m [ 16%] [0m[32mPASSED[0m pamica/tests/test_doscaling_rows.py::test_every_backend_rejects_an_invalid_scalestep[numpy-0] 
pamica/tests/test_doscaling_rows.py::test_every_backend_rejects_an_invalid_scalestep[numpy--1] 
[gw2][36m [ 16%] [0m[32mPASSED[0m pamica/tests/test_doscaling_rows.py::test_every_backend_rejects_an_invalid_scalestep[numpy--1] 
pamica/tests/test_doscaling_rows.py::test_every_backend_rejects_an_invalid_scalestep[numpy-2.5] 
[gw2][36m [ 16%] [0m[32mPASSED[0m pamica/tests/test_doscaling_rows.py::test_every_backend_rejects_an_invalid_scalestep[numpy-2.5] 
pamica/tests/test_doscaling_rows.py::test_every_backend_rejects_an_invalid_scalestep[numpy-True] 
[gw2][36m [ 16%] [0m[32mPASSED[0m pamica/tests/test_doscaling_rows.py::test_every_backend_rejects_an_invalid_scalestep[numpy-True] 
pamica/tests/test_doscaling_rows.py::test_every_backend_rejects_an_invalid_scalestep[mlx-0] 
[gw2][36m [ 16%] [0m[32mPASSED[0m pamica/tests/test_doscaling_rows.py::test_every_backend_rejects_an_invalid_scalestep[mlx-0] 
pamica/tests/test_doscaling_rows.py::test_every_backend_rejects_an_invalid_scalestep[mlx--1] 
[gw2][36m [ 16%] [0m[32mPASSED[0m pamica/tests/test_doscaling_rows.py::test_every_backend_rejects_an_invalid_scalestep[mlx--1] 
pamica/tests/test_doscaling_rows.py::test_every_backend_rejects_an_invalid_scalestep[mlx-2.5] 
[gw2][36m [ 16%] [0m[32mPASSED[0m pamica/tests/test_doscaling_rows.py::test_every_backend_rejects_an_invalid_scalestep[mlx-2.5] 
pamica/tests/test_doscaling_rows.py::test_every_backend_rejects_an_invalid_scalestep[mlx-True] 
[gw2][36m [ 16%] [0m[32mPASSED[0m pamica/tests/test_doscaling_rows.py::test_every_backend_rejects_an_invalid_scalestep[mlx-True] 
pamica/tests/test_doscaling_rows.py::test_doscaling_matches_the_seeded_reference[1] 
[gw2][36m [ 16%] [0m[33mSKIPPED[0m pamica/tests/test_doscaling_rows.py::test_doscaling_matches_the_seeded_reference[1] 
pamica/tests/test_doscaling_rows.py::test_doscaling_matches_the_seeded_reference[2] 
[gw2][36m [ 16%] [0m[33mSKIPPED[0m pamica/tests/test_doscaling_rows.py::test_doscaling_matches_the_seeded_reference[2] 
pamica/tests/test_fortran_adapter.py::test_write_fdt_roundtrip 
[gw2][36m [ 16%] [0m[32mPASSED[0m pamica/tests/test_fortran_adapter.py::test_write_fdt_roundtrip 
pamica/tests/test_fortran_adapter.py::test_write_fdt_channel_subset 
[gw2][36m [ 17%] [0m[32mPASSED[0m pamica/tests/test_fortran_adapter.py::test_write_fdt_channel_subset 
pamica/tests/test_fortran_adapter.py::test_parse_fortran_out 
[gw2][36m [ 17%] [0m[32mPASSED[0m pamica/tests/test_fortran_adapter.py::test_parse_fortran_out 
pamica/tests/test_fortran_adapter.py::test_write_fortran_param 
[gw2][36m [ 17%] [0m[32mPASSED[0m pamica/tests/test_fortran_adapter.py::test_write_fortran_param 
pamica/tests/test_fortran_adapter.py::test_write_fortran_param_multimodel 
[gw2][36m [ 17%] [0m[32mPASSED[0m pamica/tests/test_fortran_adapter.py::test_write_fortran_param_multimodel 
pamica/tests/test_fortran_adapter.py::test_fortran_availability_and_dispatch 
[gw2][36m [ 17%] [0m[32mPASSED[0m pamica/tests/test_fortran_adapter.py::test_fortran_availability_and_dispatch 
pamica/tests/test_fortran_adapter.py::test_run_fortran_raises_on_nonzero_exit 
[gw2][36m [ 17%] [0m[32mPASSED[0m pamica/tests/test_fortran_adapter.py::test_run_fortran_raises_on_nonzero_exit 
pamica/tests/test_fortran_adapter.py::test_run_fortran_smoke 
[gw2][36m [ 17%] [0m[33mSKIPPED[0m pamica/tests/test_fortran_adapter.py::test_run_fortran_smoke 
pamica/tests/test_fortran_adapter.py::test_run_fortran_never_reports_a_bogus_zero 
[gw2][36m [ 17%] [0m[33mSKIPPED[0m pamica/tests/test_fortran_adapter.py::test_run_fortran_never_reports_a_bogus_zero 
pamica/tests/test_fortran_adapter.py::test_run_fortran_requires_two_timed_iters 
[gw2][36m [ 17%] [0m[33mSKIPPED[0m pamica/tests/test_fortran_adapter.py::test_run_fortran_requires_two_timed_iters 
pamica/tests/test_fortran_param_forwarding.py::test_accepted_keys_come_from_the_reference_source 
[gw2][36m [ 17%] [0m[32mPASSED[0m pamica/tests/test_fortran_param_forwarding.py::test_accepted_keys_come_from_the_reference_source 
[...]
[gw5][36m [ 95%] [0m[32mPASSED[0m pamica/tests/torch_tests/test_ng_restarts.py::test_all_degenerate_restarts_keep_the_degenerate_contract 
pamica/tests/torch_tests/test_ng_restarts.py::test_the_winners_tuned_block_size_is_restored 
[gw7][36m [ 95%] [0m[32mPASSED[0m pamica/tests/torch_tests/test_ng_restarts.py::test_a_degenerate_restart_is_recorded_but_never_selected 
pamica/tests/torch_tests/test_ng_restarts.py::test_all_restarts_crashing_keeps_the_degenerate_contract 
[gw7][36m [ 95%] [0m[32mPASSED[0m pamica/tests/torch_tests/test_ng_restarts.py::test_all_restarts_crashing_keeps_the_degenerate_contract 
pamica/tests/torch_tests/test_ng_restarts.py::test_a_payload_without_restart_records_still_loads 
[gw7][36m [ 95%] [0m[32mPASSED[0m pamica/tests/torch_tests/test_ng_restarts.py::test_a_payload_without_restart_records_still_loads 
pamica/tests/torch_tests/test_ng_restarts.py::test_wrapper_forwards_n_restarts_and_mirrors_the_records 
[gw5][36m [ 95%] [0m[32mPASSED[0m pamica/tests/torch_tests/test_ng_restarts.py::test_the_winners_tuned_block_size_is_restored 
pamica/tests/torch_tests/test_ng_restarts.py::test_state_dict_round_trips_the_configuration_and_the_records 
[gw7][36m [ 95%] [0m[32mPASSED[0m pamica/tests/torch_tests/test_ng_restarts.py::test_wrapper_forwards_n_restarts_and_mirrors_the_records 
pamica/tests/torch_tests/test_ng_restarts.py::test_wrapper_records_the_single_restart_of_a_default_fit 
[gw5][36m [ 95%] [0m[32mPASSED[0m pamica/tests/torch_tests/test_ng_restarts.py::test_state_dict_round_trips_the_configuration_and_the_records 
pamica/tests/torch_tests/test_ng_restarts.py::test_wrapper_refuses_a_best_of_n_fit_whose_restarts_all_degenerate 
[gw7][36m [ 95%] [0m[32mPASSED[0m pamica/tests/torch_tests/test_ng_restarts.py::test_wrapper_records_the_single_restart_of_a_default_fit 
pamica/tests/torch_tests/test_ng_sharing.py::test_single_model_byte_identical_with_share_toggled 
[gw5][36m [ 96%] [0m[32mPASSED[0m pamica/tests/torch_tests/test_ng_restarts.py::test_wrapper_refuses_a_best_of_n_fit_whose_restarts_all_degenerate 
pamica/tests/torch_tests/test_ng_sharing.py::test_default_multimodel_leaves_comps_unshared 
[gw1][36m [ 96%] [0m[32mPASSED[0m pamica/tests/torch_tests/test_ng_float32_stability.py::test_float32_mps_smoke 
pamica/tests/torch_tests/test_ng_gm_ordering.py::test_ndtmpsum_uses_pre_update_model_weights 
[gw1][36m [ 96%] [0m[32mPASSED[0m pamica/tests/torch_tests/test_ng_gm_ordering.py::test_ndtmpsum_uses_pre_update_model_weights 
pamica/tests/torch_tests/test_ng_gm_ordering.py::test_a_update_uses_pre_update_model_weights 
[gw1][36m [ 96%] [0m[32mPASSED[0m pamica/tests/torch_tests/test_ng_gm_ordering.py::test_a_update_uses_pre_update_model_weights 
pamica/tests/torch_tests/test_ng_gm_ordering.py::test_same_pre_update_gm_is_deterministic 
[gw1][36m [ 96%] [0m[32mPASSED[0m pamica/tests/torch_tests/test_ng_gm_ordering.py::test_same_pre_update_gm_is_deterministic 
pamica/tests/torch_tests/test_ng_gm_ordering.py::test_single_model_is_unaffected 
[gw1][36m [ 96%] [0m[32mPASSED[0m pamica/tests/torch_tests/test_ng_gm_ordering.py::test_single_model_is_unaffected 
pamica/tests/torch_tests/test_ng_sharing.py::test_three_model_guard_and_merge 
[gw1][36m [ 96%] [0m[32mPASSED[0m pamica/tests/torch_tests/test_ng_sharing.py::test_three_model_guard_and_merge 
pamica/tests/torch_tests/test_ng_sharing.py::test_comp_thresh_one_merges_only_exact_duplicates 
[gw1][36m [ 96%] [0m[32mPASSED[0m pamica/tests/torch_tests/test_ng_sharing.py::test_comp_thresh_one_merges_only_exact_duplicates 
pamica/tests/torch_tests/test_ng_sharing.py::test_a_frozen_window[True-2] 
[gw1][36m [ 96%] [0m[32mPASSED[0m pamica/tests/torch_tests/test_ng_sharing.py::test_a_frozen_window[True-2] 
pamica/tests/torch_tests/test_ng_sharing.py::test_a_frozen_window[False-2] 
[gw1][36m [ 96%] [0m[32mPASSED[0m pamica/tests/torch_tests/test_ng_sharing.py::test_a_frozen_window[False-2] 
pamica/tests/torch_tests/test_ng_sharing.py::test_a_frozen_window[False-1] 
[gw1][36m [ 96%] [0m[32mPASSED[0m pamica/tests/torch_tests/test_ng_sharing.py::test_a_frozen_window[False-1] 
pamica/tests/torch_tests/test_ng_sharing.py::test_a_frozen_window_starting_inside_a_cycle 
[gw1][36m [ 96%] [0m[32mPASSED[0m pamica/tests/torch_tests/test_ng_sharing.py::test_a_frozen_window_starting_inside_a_cycle 
pamica/tests/torch_tests/test_ng_sharing.py::test_share_constructor_validation[kwargs0-share_start] 
[gw1][36m [ 96%] [0m[32mPASSED[0m pamica/tests/torch_tests/test_ng_sharing.py::test_share_constructor_validation[kwargs0-share_start] 
pamica/tests/torch_tests/test_ng_sharing.py::test_share_constructor_validation[kwargs1-share_iter] 
[gw1][36m [ 96%] [0m[32mPASSED[0m pamica/tests/torch_tests/test_ng_sharing.py::test_share_constructor_validation[kwargs1-share_iter] 
pamica/tests/torch_tests/test_ng_sharing.py::test_share_constructor_validation[kwargs2-share_iter] 
[gw1][36m [ 96%] [0m[32mPASSED[0m pamica/tests/torch_tests/test_ng_sharing.py::test_share_constructor_validation[kwargs2-share_iter] 
pamica/tests/torch_tests/test_ng_sharing.py::test_share_constructor_validation[kwargs3-comp_thresh] 
[gw1][36m [ 96%] [0m[32mPASSED[0m pamica/tests/torch_tests/test_ng_sharing.py::test_share_constructor_validation[kwargs3-comp_thresh] 
pamica/tests/torch_tests/test_ng_sharing.py::test_share_constructor_validation[kwargs4-comp_thresh] 
[gw1][36m [ 96%] [0m[32mPASSED[0m pamica/tests/torch_tests/test_ng_sharing.py::test_share_constructor_validation[kwargs4-comp_thresh] 
pamica/tests/torch_tests/test_ng_sharing.py::test_pca_reduction_no_longer_rejected_at_construction 
[gw1][36m [ 96%] [0m[32mPASSED[0m pamica/tests/torch_tests/test_ng_sharing.py::test_pca_reduction_no_longer_rejected_at_construction 
pamica/tests/torch_tests/test_ng_sharing.py::test_non_finite_sphere_still_fails_loudly 
[gw1][36m [ 96%] [0m[32mPASSED[0m pamica/tests/torch_tests/test_ng_sharing.py::test_non_finite_sphere_still_fails_loudly 
pamica/tests/torch_tests/test_ng_sharing.py::test_get_sensor_mixing_matrix_non_finite_sphere_fails_loudly 
[gw1][36m [ 96%] [0m[32mPASSED[0m pamica/tests/torch_tests/test_ng_sharing.py::test_get_sensor_mixing_matrix_non_finite_sphere_fails_loudly 
pamica/tests/torch_tests/test_ng_sharing.py::test_two_model_share_fit_survives_merge 
[gw7][36m [ 97%] [0m[32mPASSED[0m pamica/tests/torch_tests/test_ng_sharing.py::test_single_model_byte_identical_with_share_toggled 
pamica/tests/torch_tests/test_ng_sharing.py::test_identify_merges_one_collinear_pair 
[gw7][36m [ 97%] [0m[32mPASSED[0m pamica/tests/torch_tests/test_ng_sharing.py::test_identify_merges_one_collinear_pair 
pamica/tests/torch_tests/test_ng_sharing.py::test_merge_on_the_final_iteration_completes 
[gw5][36m [ 97%] [0m[32mPASSED[0m pamica/tests/torch_tests/test_ng_sharing.py::test_default_multimodel_leaves_comps_unshared 
pamica/tests/torch_tests/test_ng_sharing.py::test_guard_prevents_within_model_collapse 
[gw5][36m [ 97%] [0m[32mPASSED[0m pamica/tests/torch_tests/test_ng_sharing.py::test_guard_prevents_within_model_collapse 
pamica/tests/torch_tests/test_ng_sharing.py::test_low_rank_projected_data_share_fit_completes 
[gw7][36m [ 97%] [0m[32mPASSED[0m pamica/tests/torch_tests/test_ng_sharing.py::test_merge_on_the_final_iteration_completes 
pamica/tests/torch_tests/test_ng_sharing.py::test_rank_reduced_share_fit_completes 
[gw0][36m [ 97%] [0m[32mPASSED[0m pamica/tests/torch_tests/test_ng_pdf_families.py::test_sharing_newton_and_fixed_family_fit_completes 
pamica/tests/torch_tests/test_ng_pdf_families.py::test_sharing_newton_and_adaptive_switcher_fit_completes 
[gw5][36m [ 97%] [0m[32mPASSED[0m pamica/tests/torch_tests/test_ng_sharing.py::test_low_rank_projected_data_share_fit_completes 
pamica/tests/torch_tests/test_ng_sharing.py::test_full_rank_merge_decisions_unchanged_by_pinv 
[gw7][36m [ 97%] [0m[32mPASSED[0m pamica/tests/torch_tests/test_ng_sharing.py::test_rank_reduced_share_fit_completes 
pamica/tests/torch_tests/test_ng_sharing.py::test_pinv_matches_inv_on_a_fitted_full_rank_sphere 
[gw1][36m [ 97%] [0m[32mPASSED[0m pamica/tests/torch_tests/test_ng_sharing.py::test_two_model_share_fit_survives_merge 
pamica/tests/torch_tests/test_ng_sharing.py::test_sharing_reduces_unique_count_without_degrading_ll 
[gw7][36m [ 97%] [0m[32mPASSED[0m pamica/tests/torch_tests/test_ng_sharing.py::test_pinv_matches_inv_on_a_fitted_full_rank_sphere 
pamica/tests/torch_tests/test_ng_utils.py::test_setup_device_auto_returns_valid_device 
[gw7][36m [ 97%] [0m[32mPASSED[0m pamica/tests/torch_tests/test_ng_utils.py::test_setup_device_auto_returns_valid_device 
pamica/tests/torch_tests/test_ng_utils.py::test_setup_device_mps_falls_back_when_unavailable 
[gw7][36m [ 97%] [0m[32mPASSED[0m pamica/tests/torch_tests/test_ng_utils.py::test_setup_device_mps_falls_back_when_unavailable 
pamica/tests/torch_tests/test_ng_utils.py::test_check_numerical_stability_clean 
[gw7][36m [ 97%] [0m[32mPASSED[0m pamica/tests/torch_tests/test_ng_utils.py::test_check_numerical_stability_clean 
pamica/tests/torch_tests/test_ng_utils.py::test_check_numerical_stability_flags_nan 
[gw7][36m [ 97%] [0m[32mPASSED[0m pamica/tests/torch_tests/test_ng_utils.py::test_check_numerical_stability_flags_nan 
pamica/tests/torch_tests/test_ng_utils.py::test_check_numerical_stability_flags_inf 
[gw7][36m [ 97%] [0m[32mPASSED[0m pamica/tests/torch_tests/test_ng_utils.py::test_check_numerical_stability_flags_inf 
pamica/tests/torch_tests/test_ng_utils.py::test_check_numerical_stability_raises_when_requested 
[gw7][36m [ 97%] [0m[32mPASSED[0m pamica/tests/torch_tests/test_ng_utils.py::test_check_numerical_stability_raises_when_requested 
pamica/tests/torch_tests/test_ng_utils.py::test_stabilize_log_probabilities_clamps_below_floor 
[gw7][36m [ 97%] [0m[32mPASSED[0m pamica/tests/torch_tests/test_ng_utils.py::test_stabilize_log_probabilities_clamps_below_floor 
pamica/tests/torch_tests/test_ng_utils.py::test_stabilize_log_probabilities_custom_floor 
[gw7][36m [ 97%] [0m[32mPASSED[0m pamica/tests/torch_tests/test_ng_utils.py::test_stabilize_log_probabilities_custom_floor 
pamica/tests/torch_tests/test_ng_utils.py::test_compute_correlation_matrix_identity_on_self 
[gw7][36m [ 97%] [0m[32mPASSED[0m pamica/tests/torch_tests/test_ng_utils.py::test_compute_correlation_matrix_identity_on_self 
pamica/tests/torch_tests/test_ng_utils.py::test_find_best_permutation_recovers_shuffle_and_sign 
[gw7][36m [ 97%] [0m[32mPASSED[0m pamica/tests/torch_tests/test_ng_utils.py::test_find_best_permutation_recovers_shuffle_and_sign 
pamica/tests/torch_tests/test_ng_utils.py::test_load_eeglab_data_shape 
[gw7][36m [ 98%] [0m[32mPASSED[0m pamica/tests/torch_tests/test_ng_utils.py::test_load_eeglab_data_shape 
[gw0][36m [ 98%] [0m[32mPASSED[0m pamica/tests/torch_tests/test_ng_pdf_families.py::test_sharing_newton_and_adaptive_switcher_fit_completes 
pamica/tests/torch_tests/test_ng_sharing.py::test_share_config_and_comp_list_roundtrip 
[gw5][36m [ 98%] [0m[32mPASSED[0m pamica/tests/torch_tests/test_ng_sharing.py::test_full_rank_merge_decisions_unchanged_by_pinv 
pamica/tests/torch_tests/test_ng_utils.py::test_setup_device_cpu_explicit 
[gw5][36m [ 98%] [0m[32mPASSED[0m pamica/tests/torch_tests/test_ng_utils.py::test_setup_device_cpu_explicit 
[gw2][36m [ 98%] [0m[32mPASSED[0m pamica/tests/torch_tests/test_ng_float32_stability.py::test_float32_stable_on_full_data[5-True] 
pamica/tests/torch_tests/test_ng_rank_deficient.py::test_tesla_scale_data_fits_by_default 
[gw2][36m [ 98%] [0m[32mPASSED[0m pamica/tests/torch_tests/test_ng_rank_deficient.py::test_tesla_scale_data_fits_by_default 
pamica/tests/torch_tests/test_ng_rank_deficient.py::test_absolute_floor_rejects_tesla_scale_data 
[gw2][36m [ 98%] [0m[32mPASSED[0m pamica/tests/torch_tests/test_ng_rank_deficient.py::test_absolute_floor_rejects_tesla_scale_data 
[gw0][36m [ 98%] [0m[32mPASSED[0m pamica/tests/torch_tests/test_ng_sharing.py::test_share_config_and_comp_list_roundtrip 
[gw1][36m [ 98%] [0m[32mPASSED[0m pamica/tests/torch_tests/test_ng_sharing.py::test_sharing_reduces_unique_count_without_degrading_ll 
pamica/tests/torch_tests/test_ng_utils.py::test_setup_device_cuda_falls_back_when_unavailable 
[gw1][36m [ 98%] [0m[32mPASSED[0m pamica/tests/torch_tests/test_ng_utils.py::test_setup_device_cuda_falls_back_when_unavailable 
[gw4][36m [ 98%] [0m[32mPASSED[0m pamica/tests/torch_tests/test_ng_backend.py::test_end_to_end_correlation_vs_fortran 
pamica/tests/torch_tests/test_ng_backend.py::test_end_to_end_correlation_vs_fortran_from_sample_params_json 
[gw3][36m [ 98%] [0m[32mPASSED[0m pamica/tests/torch_tests/test_ng_backend.py::test_keep_best_single_model_is_bit_exact 
pamica/tests/torch_tests/test_ng_backend.py::test_keep_best_snapshot_restore_roundtrip 
[gw3][36m [ 98%] [0m[32mPASSED[0m pamica/tests/torch_tests/test_ng_backend.py::test_keep_best_snapshot_restore_roundtrip 
pamica/tests/torch_tests/test_ng_backend.py::test_keep_best_returns_within_tol_of_peak 
[gw3][36m [ 98%] [0m[32mPASSED[0m pamica/tests/torch_tests/test_ng_backend.py::test_keep_best_returns_within_tol_of_peak 
pamica/tests/torch_tests/test_ng_backend.py::test_keep_best_inactive_under_reject 
[gw3][36m [ 98%] [0m[32mPASSED[0m pamica/tests/torch_tests/test_ng_backend.py::test_keep_best_inactive_under_reject 
pamica/tests/torch_tests/test_ng_backend.py::test_keep_best_does_not_rescue_a_diverged_fit_that_peaked_earlier 
[gw3][36m [ 98%] [0m[32mPASSED[0m pamica/tests/torch_tests/test_ng_backend.py::test_keep_best_does_not_rescue_a_diverged_fit_that_peaked_earlier 
pamica/tests/torch_tests/test_ng_backend.py::test_rholrate_ratchets_at_maxdecs_not_per_decrease 
[gw3][36m [ 98%] [0m[32mPASSED[0m pamica/tests/torch_tests/test_ng_backend.py::test_rholrate_ratchets_at_maxdecs_not_per_decrease 
pamica/tests/torch_tests/test_ng_block_tuning.py::test_search_is_off_by_default 
[gw3][36m [ 98%] [0m[32mPASSED[0m pamica/tests/torch_tests/test_ng_block_tuning.py::test_search_is_off_by_default 
[gw4][36m [ 98%] [0m[32mPASSED[0m pamica/tests/torch_tests/test_ng_backend.py::test_end_to_end_correlation_vs_fortran_from_sample_params_json 
pamica/tests/torch_tests/test_ng_backend.py::test_full_fit_parity_numpy_vs_ng 
[gw4][36m [ 98%] [0m[32mPASSED[0m pamica/tests/torch_tests/test_ng_backend.py::test_full_fit_parity_numpy_vs_ng 
[gw6][36m [ 99%] [0m[33mXFAIL[0m pamica/tests/test_sample_data.py::test_sample_data_scikit 
pamica/tests/test_sample_data.py::test_sample_data_cli 
[gw6][36m [ 99%] [0m[33mXFAIL[0m pamica/tests/test_sample_data.py::test_sample_data_cli 
pamica/tests/test_sample_data.py::test_sample_data_light 
[gw6][36m [ 99%] [0m[33mXFAIL[0m pamica/tests/test_sample_data.py::test_sample_data_light 
pamica/tests/test_sample_data.py::test_sample_data_numpy_vs_fortran 
[gw6][36m [ 99%] [0m[32mPASSED[0m pamica/tests/test_sample_data.py::test_sample_data_numpy_vs_fortran 
pamica/tests/test_sample_data.py::test_cli_output_format_roundtrip 
[gw6][36m [ 99%] [0m[32mPASSED[0m pamica/tests/test_sample_data.py::test_cli_output_format_roundtrip 
pamica/tests/test_sample_data.py::test_numpy_llt_roundtrip 
[gw6][36m [ 99%] [0m[32mPASSED[0m pamica/tests/test_sample_data.py::test_numpy_llt_roundtrip 
pamica/tests/test_sample_data.py::test_numpy_llt_reject_zeroes_rejected_samples 
[gw6][36m [ 99%] [0m[32mPASSED[0m pamica/tests/test_sample_data.py::test_numpy_llt_reject_zeroes_rejected_samples 
pamica/tests/test_sample_data.py::test_numpy_llt_multimodel_roundtrip 
[gw6][36m [ 99%] [0m[32mPASSED[0m pamica/tests/test_sample_data.py::test_numpy_llt_multimodel_roundtrip 
pamica/tests/test_sample_data.py::test_numpy_llt_partial_final_block 
[gw6][36m [ 99%] [0m[32mPASSED[0m pamica/tests/test_sample_data.py::test_numpy_llt_partial_final_block 
pamica/tests/test_sample_data.py::test_restart_on_early_nan_recovers 
[gw6][36m [ 99%] [0m[32mPASSED[0m pamica/tests/test_sample_data.py::test_restart_on_early_nan_recovers 
pamica/tests/test_sample_data.py::test_restart_gives_up_after_maxrestarts 
[gw6][36m [ 99%] [0m[32mPASSED[0m pamica/tests/test_sample_data.py::test_restart_gives_up_after_maxrestarts 
pamica/tests/test_sample_data.py::test_check_convergence_ratchets_lrate_on_decrease 
[gw6][36m [ 99%] [0m[32mPASSED[0m pamica/tests/test_sample_data.py::test_check_convergence_ratchets_lrate_on_decrease 
pamica/tests/test_sample_data.py::test_reinitialize_for_restart_resets_rho_ceiling 
[gw6][36m [ 99%] [0m[32mPASSED[0m pamica/tests/test_sample_data.py::test_reinitialize_for_restart_resets_rho_ceiling 
pamica/tests/test_sample_data.py::test_cli_subprocess_output_loadable 
[gw6][36m [ 99%] [0m[32mPASSED[0m pamica/tests/test_sample_data.py::test_cli_subprocess_output_loadable 
pamica/tests/test_schedule_gates.py::test_every_gate_fires_on_the_reference_iteration 
[gw6][36m [ 99%] [0m[32mPASSED[0m pamica/tests/test_schedule_gates.py::test_every_gate_fires_on_the_reference_iteration 
pamica/tests/test_schedule_gates.py::test_a_non_positive_interval_is_a_value_error_not_a_zero_division[0] 
[gw6][36m [ 99%] [0m[32mPASSED[0m pamica/tests/test_schedule_gates.py::test_a_non_positive_interval_is_a_value_error_not_a_zero_division[0] 
pamica/tests/test_schedule_gates.py::test_a_non_positive_interval_is_a_value_error_not_a_zero_division[-2] 
[gw6][36m [ 99%] [0m[32mPASSED[0m pamica/tests/test_schedule_gates.py::test_a_non_positive_interval_is_a_value_error_not_a_zero_division[-2] 
pamica/tests/test_schedule_gates.py::test_newton_takes_its_first_step_on_iteration_newt_start[torch-1] 
[gw6][36m [ 99%] [0m[32mPASSED[0m pamica/tests/test_schedule_gates.py::test_newton_takes_its_first_step_on_iteration_newt_start[torch-1] 
pamica/tests/test_schedule_gates.py::test_newton_takes_its_first_step_on_iteration_newt_start[torch-5] 
[gw6][36m [ 99%] [0m[32mPASSED[0m pamica/tests/test_schedule_gates.py::test_newton_takes_its_first_step_on_iteration_newt_start[torch-5] 
pamica/tests/test_schedule_gates.py::test_newton_takes_its_first_step_on_iteration_newt_start[numpy-1] 
[gw6][36m [ 99%] [0m[32mPASSED[0m pamica/tests/test_schedule_gates.py::test_newton_takes_its_first_step_on_iteration_newt_start[numpy-1] 
pamica/tests/test_schedule_gates.py::test_newton_takes_its_first_step_on_iteration_newt_start[numpy-5] 
[gw6][36m [100%] [0m[32mPASSED[0m pamica/tests/test_schedule_gates.py::test_newton_takes_its_first_step_on_iteration_newt_start[numpy-5] 

[33m=============================== warnings summary ===============================[0m
pamica/tests/test_sample_data.py::test_loadmodout_reproduces_fortran_reported_ll
  /Users/yahya/Documents/git/mlx-fc-phase15-final-parity/.venv/lib/python3.12/site-packages/numpy/linalg/_linalg.py:2349: RuntimeWarning: divide by zero encountered in slogdet
    sign, logdet = _umath_linalg.slogdet(a, signature=signature)

pamica/tests/test_sample_data.py::test_loadmodout_reproduces_fortran_reported_ll
  /Users/yahya/Documents/git/mlx-fc-phase15-final-parity/.venv/lib/python3.12/site-packages/numpy/linalg/_linalg.py:2349: RuntimeWarning: overflow encountered in slogdet
    sign, logdet = _umath_linalg.slogdet(a, signature=signature)

pamica/tests/test_sample_data.py::test_loadmodout_reproduces_fortran_reported_ll
  /Users/yahya/Documents/git/mlx-fc-phase15-final-parity/.venv/lib/python3.12/site-packages/numpy/linalg/_linalg.py:2349: RuntimeWarning: invalid value encountered in slogdet
    sign, logdet = _umath_linalg.slogdet(a, signature=signature)

-- Docs: https://docs.pytest.org/en/stable/how-to/capture-warnings.html
[33m===== [32m1974 passed[0m, [33m[1m40 skipped[0m, [33m[1m3 xfailed[0m, [33m[1m3 warnings[0m[33m in 1417.81s (0:23:37)[0m[33m =====[0m
EXIT=0
